{"total": {"lines":{"total":1469,"covered":436,"skipped":0,"pct":29.68},"statements":{"total":1671,"covered":445,"skipped":0,"pct":26.63},"functions":{"total":142,"covered":48,"skipped":0,"pct":33.8},"branches":{"total":981,"covered":66,"skipped":0,"pct":6.72},"branchesTrue":{"total":0,"covered":0,"skipped":0,"pct":100}}
,"C:\\Users\\vansh\\OneDrive\\Desktop\\VIVA phoncis with sql\\src\\constants\\sequelizetableconstants.js": {"lines":{"total":6,"covered":6,"skipped":0,"pct":100},"functions":{"total":0,"covered":0,"skipped":0,"pct":100},"statements":{"total":6,"covered":6,"skipped":0,"pct":100},"branches":{"total":0,"covered":0,"skipped":0,"pct":100}}
,"C:\\Users\\vansh\\OneDrive\\Desktop\\VIVA phoncis with sql\\src\\controllers\\slot.controllers.js": {"lines":{"total":49,"covered":9,"skipped":0,"pct":18.36},"functions":{"total":6,"covered":0,"skipped":0,"pct":0},"statements":{"total":49,"covered":9,"skipped":0,"pct":18.36},"branches":{"total":22,"covered":0,"skipped":0,"pct":0}}
,"C:\\Users\\vansh\\OneDrive\\Desktop\\VIVA phoncis with sql\\src\\controllers\\student.controllers.js": {"lines":{"total":34,"covered":12,"skipped":0,"pct":35.29},"functions":{"total":8,"covered":0,"skipped":0,"pct":0},"statements":{"total":34,"covered":12,"skipped":0,"pct":35.29},"branches":{"total":0,"covered":0,"skipped":0,"pct":100}}
,"C:\\Users\\vansh\\OneDrive\\Desktop\\VIVA phoncis with sql\\src\\controllers\\tutor.controllers.js": {"lines":{"total":29,"covered":10,"skipped":0,"pct":34.48},"functions":{"total":7,"covered":0,"skipped":0,"pct":0},"statements":{"total":29,"covered":10,"skipped":0,"pct":34.48},"branches":{"total":0,"covered":0,"skipped":0,"pct":100}}
,"C:\\Users\\vansh\\OneDrive\\Desktop\\VIVA phoncis with sql\\src\\controllers\\user.controllers.js": {"lines":{"total":42,"covered":29,"skipped":0,"pct":69.04},"functions":{"total":12,"covered":10,"skipped":0,"pct":83.33},"statements":{"total":42,"covered":29,"skipped":0,"pct":69.04},"branches":{"total":0,"covered":0,"skipped":0,"pct":100}}
,"C:\\Users\\vansh\\OneDrive\\Desktop\\VIVA phoncis with sql\\src\\middleware\\auth.js": {"lines":{"total":17,"covered":17,"skipped":0,"pct":100},"functions":{"total":3,"covered":3,"skipped":0,"pct":100},"statements":{"total":17,"covered":17,"skipped":0,"pct":100},"branches":{"total":6,"covered":6,"skipped":0,"pct":100}}
,"C:\\Users\\vansh\\OneDrive\\Desktop\\VIVA phoncis with sql\\src\\middleware\\validate.js": {"lines":{"total":7,"covered":7,"skipped":0,"pct":100},"functions":{"total":1,"covered":1,"skipped":0,"pct":100},"statements":{"total":7,"covered":7,"skipped":0,"pct":100},"branches":{"total":2,"covered":2,"skipped":0,"pct":100}}
,"C:\\Users\\vansh\\OneDrive\\Desktop\\VIVA phoncis with sql\\src\\models\\RecurringBookingPattern.js": {"lines":{"total":11,"covered":11,"skipped":0,"pct":100},"functions":{"total":2,"covered":2,"skipped":0,"pct":100},"statements":{"total":11,"covered":11,"skipped":0,"pct":100},"branches":{"total":0,"covered":0,"skipped":0,"pct":100}}
,"C:\\Users\\vansh\\OneDrive\\Desktop\\VIVA phoncis with sql\\src\\models\\RefreshToken.js": {"lines":{"total":7,"covered":7,"skipped":0,"pct":100},"functions":{"total":2,"covered":2,"skipped":0,"pct":100},"statements":{"total":7,"covered":7,"skipped":0,"pct":100},"branches":{"total":0,"covered":0,"skipped":0,"pct":100}}
,"C:\\Users\\vansh\\OneDrive\\Desktop\\VIVA phoncis with sql\\src\\models\\WeeklyHourBlock.js": {"lines":{"total":7,"covered":7,"skipped":0,"pct":100},"functions":{"total":2,"covered":2,"skipped":0,"pct":100},"statements":{"total":7,"covered":7,"skipped":0,"pct":100},"branches":{"total":0,"covered":0,"skipped":0,"pct":100}}
,"C:\\Users\\vansh\\OneDrive\\Desktop\\VIVA phoncis with sql\\src\\models\\payment.models.js": {"lines":{"total":9,"covered":9,"skipped":0,"pct":100},"functions":{"total":2,"covered":2,"skipped":0,"pct":100},"statements":{"total":9,"covered":9,"skipped":0,"pct":100},"branches":{"total":0,"covered":0,"skipped":0,"pct":100}}
,"C:\\Users\\vansh\\OneDrive\\Desktop\\VIVA phoncis with sql\\src\\models\\slot.models.js": {"lines":{"total":10,"covered":10,"skipped":0,"pct":100},"functions":{"total":2,"covered":2,"skipped":0,"pct":100},"statements":{"total":10,"covered":10,"skipped":0,"pct":100},"branches":{"total":0,"covered":0,"skipped":0,"pct":100}}
,"C:\\Users\\vansh\\OneDrive\\Desktop\\VIVA phoncis with sql\\src\\models\\student.models.js": {"lines":{"total":11,"covered":11,"skipped":0,"pct":100},"functions":{"total":2,"covered":2,"skipped":0,"pct":100},"statements":{"total":11,"covered":11,"skipped":0,"pct":100},"branches":{"total":0,"covered":0,"skipped":0,"pct":100}}
,"C:\\Users\\vansh\\OneDrive\\Desktop\\VIVA phoncis with sql\\src\\models\\tutor.models.js": {"lines":{"total":12,"covered":12,"skipped":0,"pct":100},"functions":{"total":2,"covered":2,"skipped":0,"pct":100},"statements":{"total":12,"covered":12,"skipped":0,"pct":100},"branches":{"total":0,"covered":0,"skipped":0,"pct":100}}
,"C:\\Users\\vansh\\OneDrive\\Desktop\\VIVA phoncis with sql\\src\\models\\user.models.js": {"lines":{"total":7,"covered":7,"skipped":0,"pct":100},"functions":{"total":2,"covered":2,"skipped":0,"pct":100},"statements":{"total":7,"covered":7,"skipped":0,"pct":100},"branches":{"total":0,"covered":0,"skipped":0,"pct":100}}
,"C:\\Users\\vansh\\OneDrive\\Desktop\\VIVA phoncis with sql\\src\\routes\\slot.routes.js": {"lines":{"total":13,"covered":13,"skipped":0,"pct":100},"functions":{"total":0,"covered":0,"skipped":0,"pct":100},"statements":{"total":13,"covered":13,"skipped":0,"pct":100},"branches":{"total":0,"covered":0,"skipped":0,"pct":100}}
,"C:\\Users\\vansh\\OneDrive\\Desktop\\VIVA phoncis with sql\\src\\routes\\student.routes.js": {"lines":{"total":16,"covered":16,"skipped":0,"pct":100},"functions":{"total":0,"covered":0,"skipped":0,"pct":100},"statements":{"total":16,"covered":16,"skipped":0,"pct":100},"branches":{"total":0,"covered":0,"skipped":0,"pct":100}}
,"C:\\Users\\vansh\\OneDrive\\Desktop\\VIVA phoncis with sql\\src\\routes\\tutor.routes.js": {"lines":{"total":15,"covered":15,"skipped":0,"pct":100},"functions":{"total":0,"covered":0,"skipped":0,"pct":100},"statements":{"total":15,"covered":15,"skipped":0,"pct":100},"branches":{"total":0,"covered":0,"skipped":0,"pct":100}}
,"C:\\Users\\vansh\\OneDrive\\Desktop\\VIVA phoncis with sql\\src\\routes\\user.routes.js": {"lines":{"total":20,"covered":20,"skipped":0,"pct":100},"functions":{"total":0,"covered":0,"skipped":0,"pct":100},"statements":{"total":20,"covered":20,"skipped":0,"pct":100},"branches":{"total":0,"covered":0,"skipped":0,"pct":100}}
,"C:\\Users\\vansh\\OneDrive\\Desktop\\VIVA phoncis with sql\\src\\services\\slot.services.js": {"lines":{"total":309,"covered":15,"skipped":0,"pct":4.85},"functions":{"total":16,"covered":0,"skipped":0,"pct":0},"statements":{"total":355,"covered":15,"skipped":0,"pct":4.22},"branches":{"total":269,"covered":0,"skipped":0,"pct":0}}
,"C:\\Users\\vansh\\OneDrive\\Desktop\\VIVA phoncis with sql\\src\\services\\student.services.js": {"lines":{"total":307,"covered":23,"skipped":0,"pct":7.49},"functions":{"total":21,"covered":0,"skipped":0,"pct":0},"statements":{"total":393,"covered":23,"skipped":0,"pct":5.85},"branches":{"total":338,"covered":0,"skipped":0,"pct":0}}
,"C:\\Users\\vansh\\OneDrive\\Desktop\\VIVA phoncis with sql\\src\\services\\tutor.services.js": {"lines":{"total":222,"covered":20,"skipped":0,"pct":9},"functions":{"total":23,"covered":0,"skipped":0,"pct":0},"statements":{"total":259,"covered":20,"skipped":0,"pct":7.72},"branches":{"total":164,"covered":0,"skipped":0,"pct":0}}
,"C:\\Users\\vansh\\OneDrive\\Desktop\\VIVA phoncis with sql\\src\\services\\user.services.js": {"lines":{"total":213,"covered":100,"skipped":0,"pct":46.94},"functions":{"total":14,"covered":11,"skipped":0,"pct":78.57},"statements":{"total":243,"covered":109,"skipped":0,"pct":44.85},"branches":{"total":138,"covered":47,"skipped":0,"pct":34.05}}
,"C:\\Users\\vansh\\OneDrive\\Desktop\\VIVA phoncis with sql\\src\\utils\\AppError.js": {"lines":{"total":6,"covered":6,"skipped":0,"pct":100},"functions":{"total":1,"covered":1,"skipped":0,"pct":100},"statements":{"total":6,"covered":6,"skipped":0,"pct":100},"branches":{"total":2,"covered":2,"skipped":0,"pct":100}}
,"C:\\Users\\vansh\\OneDrive\\Desktop\\VIVA phoncis with sql\\src\\utils\\catchAsync.js": {"lines":{"total":5,"covered":5,"skipped":0,"pct":100},"functions":{"total":3,"covered":3,"skipped":0,"pct":100},"statements":{"total":5,"covered":5,"skipped":0,"pct":100},"branches":{"total":0,"covered":0,"skipped":0,"pct":100}}
,"C:\\Users\\vansh\\OneDrive\\Desktop\\VIVA phoncis with sql\\src\\utils\\db.js": {"lines":{"total":33,"covered":21,"skipped":0,"pct":63.63},"functions":{"total":2,"covered":1,"skipped":0,"pct":50},"statements":{"total":33,"covered":21,"skipped":0,"pct":63.63},"branches":{"total":19,"covered":9,"skipped":0,"pct":47.36}}
,"C:\\Users\\vansh\\OneDrive\\Desktop\\VIVA phoncis with sql\\src\\utils\\genratetoken.js": {"lines":{"total":8,"covered":8,"skipped":0,"pct":100},"functions":{"total":2,"covered":2,"skipped":0,"pct":100},"statements":{"total":8,"covered":8,"skipped":0,"pct":100},"branches":{"total":0,"covered":0,"skipped":0,"pct":100}}
,"C:\\Users\\vansh\\OneDrive\\Desktop\\VIVA phoncis with sql\\src\\utils\\mailer.js": {"lines":{"total":3,"covered":0,"skipped":0,"pct":0},"functions":{"total":0,"covered":0,"skipped":0,"pct":100},"statements":{"total":3,"covered":0,"skipped":0,"pct":0},"branches":{"total":0,"covered":0,"skipped":0,"pct":100}}
,"C:\\Users\\vansh\\OneDrive\\Desktop\\VIVA phoncis with sql\\src\\utils\\notification.js": {"lines":{"total":10,"covered":0,"skipped":0,"pct":0},"functions":{"total":2,"covered":0,"skipped":0,"pct":0},"statements":{"total":11,"covered":0,"skipped":0,"pct":0},"branches":{"total":3,"covered":0,"skipped":0,"pct":0}}
,"C:\\Users\\vansh\\OneDrive\\Desktop\\VIVA phoncis with sql\\src\\utils\\randompassword.js": {"lines":{"total":5,"covered":0,"skipped":0,"pct":0},"functions":{"total":1,"covered":0,"skipped":0,"pct":0},"statements":{"total":5,"covered":0,"skipped":0,"pct":0},"branches":{"total":0,"covered":0,"skipped":0,"pct":100}}
,"C:\\Users\\vansh\\OneDrive\\Desktop\\VIVA phoncis with sql\\src\\utils\\razerpaysetup.js": {"lines":{"total":3,"covered":0,"skipped":0,"pct":0},"functions":{"total":0,"covered":0,"skipped":0,"pct":100},"statements":{"total":3,"covered":0,"skipped":0,"pct":0},"branches":{"total":0,"covered":0,"skipped":0,"pct":100}}
,"C:\\Users\\vansh\\OneDrive\\Desktop\\VIVA phoncis with sql\\src\\validations\\slot.validations.js": {"lines":{"total":6,"covered":0,"skipped":0,"pct":0},"functions":{"total":2,"covered":0,"skipped":0,"pct":0},"statements":{"total":6,"covered":0,"skipped":0,"pct":0},"branches":{"total":4,"covered":0,"skipped":0,"pct":0}}
,"C:\\Users\\vansh\\OneDrive\\Desktop\\VIVA phoncis with sql\\src\\validations\\students.validations.js": {"lines":{"total":11,"covered":4,"skipped":0,"pct":36.36},"functions":{"total":2,"covered":0,"skipped":0,"pct":0},"statements":{"total":13,"covered":4,"skipped":0,"pct":30.76},"branches":{"total":14,"covered":0,"skipped":0,"pct":0}}
,"C:\\Users\\vansh\\OneDrive\\Desktop\\VIVA phoncis with sql\\src\\validations\\tutor.validations.js": {"lines":{"total":2,"covered":2,"skipped":0,"pct":100},"functions":{"total":0,"covered":0,"skipped":0,"pct":100},"statements":{"total":2,"covered":2,"skipped":0,"pct":100},"branches":{"total":0,"covered":0,"skipped":0,"pct":100}}
,"C:\\Users\\vansh\\OneDrive\\Desktop\\VIVA phoncis with sql\\src\\validations\\users.validation.js": {"lines":{"total":4,"covered":4,"skipped":0,"pct":100},"functions":{"total":0,"covered":0,"skipped":0,"pct":100},"statements":{"total":4,"covered":4,"skipped":0,"pct":100},"branches":{"total":0,"covered":0,"skipped":0,"pct":100}}
}
