{"total": {"lines":{"total":1677,"covered":1395,"skipped":0,"pct":83.18},"statements":{"total":1749,"covered":1441,"skipped":0,"pct":82.38},"functions":{"total":153,"covered":129,"skipped":0,"pct":84.31},"branches":{"total":866,"covered":565,"skipped":0,"pct":65.24},"branchesTrue":{"total":0,"covered":0,"skipped":0,"pct":100}}
,"C:\\Users\\vansh\\OneDrive\\Desktop\\VIVA phoncis with sql\\src\\constants\\sequelizetableconstants.js": {"lines":{"total":6,"covered":6,"skipped":0,"pct":100},"functions":{"total":0,"covered":0,"skipped":0,"pct":100},"statements":{"total":6,"covered":6,"skipped":0,"pct":100},"branches":{"total":0,"covered":0,"skipped":0,"pct":100}}
,"C:\\Users\\vansh\\OneDrive\\Desktop\\VIVA phoncis with sql\\src\\controllers\\report.controllers.js": {"lines":{"total":10,"covered":10,"skipped":0,"pct":100},"functions":{"total":2,"covered":2,"skipped":0,"pct":100},"statements":{"total":10,"covered":10,"skipped":0,"pct":100},"branches":{"total":0,"covered":0,"skipped":0,"pct":100}}
,"C:\\Users\\vansh\\OneDrive\\Desktop\\VIVA phoncis with sql\\src\\controllers\\slot.controllers.js": {"lines":{"total":54,"covered":53,"skipped":0,"pct":98.14},"functions":{"total":14,"covered":14,"skipped":0,"pct":100},"statements":{"total":55,"covered":53,"skipped":0,"pct":96.36},"branches":{"total":4,"covered":2,"skipped":0,"pct":50}}
,"C:\\Users\\vansh\\OneDrive\\Desktop\\VIVA phoncis with sql\\src\\controllers\\student.controllers.js": {"lines":{"total":51,"covered":50,"skipped":0,"pct":98.03},"functions":{"total":11,"covered":11,"skipped":0,"pct":100},"statements":{"total":51,"covered":50,"skipped":0,"pct":98.03},"branches":{"total":8,"covered":6,"skipped":0,"pct":75}}
,"C:\\Users\\vansh\\OneDrive\\Desktop\\VIVA phoncis with sql\\src\\controllers\\tutor.controllers.js": {"lines":{"total":32,"covered":32,"skipped":0,"pct":100},"functions":{"total":9,"covered":9,"skipped":0,"pct":100},"statements":{"total":32,"covered":32,"skipped":0,"pct":100},"branches":{"total":0,"covered":0,"skipped":0,"pct":100}}
,"C:\\Users\\vansh\\OneDrive\\Desktop\\VIVA phoncis with sql\\src\\controllers\\user.controllers.js": {"lines":{"total":41,"covered":41,"skipped":0,"pct":100},"functions":{"total":11,"covered":11,"skipped":0,"pct":100},"statements":{"total":42,"covered":42,"skipped":0,"pct":100},"branches":{"total":2,"covered":2,"skipped":0,"pct":100}}
,"C:\\Users\\vansh\\OneDrive\\Desktop\\VIVA phoncis with sql\\src\\middleware\\auth.js": {"lines":{"total":17,"covered":16,"skipped":0,"pct":94.11},"functions":{"total":3,"covered":3,"skipped":0,"pct":100},"statements":{"total":17,"covered":16,"skipped":0,"pct":94.11},"branches":{"total":6,"covered":6,"skipped":0,"pct":100}}
,"C:\\Users\\vansh\\OneDrive\\Desktop\\VIVA phoncis with sql\\src\\middleware\\multer.js": {"lines":{"total":18,"covered":9,"skipped":0,"pct":50},"functions":{"total":3,"covered":0,"skipped":0,"pct":0},"statements":{"total":19,"covered":9,"skipped":0,"pct":47.36},"branches":{"total":4,"covered":1,"skipped":0,"pct":25}}
,"C:\\Users\\vansh\\OneDrive\\Desktop\\VIVA phoncis with sql\\src\\middleware\\validate.js": {"lines":{"total":7,"covered":6,"skipped":0,"pct":85.71},"functions":{"total":1,"covered":1,"skipped":0,"pct":100},"statements":{"total":7,"covered":6,"skipped":0,"pct":85.71},"branches":{"total":2,"covered":1,"skipped":0,"pct":50}}
,"C:\\Users\\vansh\\OneDrive\\Desktop\\VIVA phoncis with sql\\src\\models\\availabilitySlot.models.js": {"lines":{"total":8,"covered":8,"skipped":0,"pct":100},"functions":{"total":2,"covered":2,"skipped":0,"pct":100},"statements":{"total":8,"covered":8,"skipped":0,"pct":100},"branches":{"total":0,"covered":0,"skipped":0,"pct":100}}
,"C:\\Users\\vansh\\OneDrive\\Desktop\\VIVA phoncis with sql\\src\\models\\payment.models.js": {"lines":{"total":9,"covered":9,"skipped":0,"pct":100},"functions":{"total":2,"covered":2,"skipped":0,"pct":100},"statements":{"total":9,"covered":9,"skipped":0,"pct":100},"branches":{"total":0,"covered":0,"skipped":0,"pct":100}}
,"C:\\Users\\vansh\\OneDrive\\Desktop\\VIVA phoncis with sql\\src\\models\\slot.models.js": {"lines":{"total":9,"covered":9,"skipped":0,"pct":100},"functions":{"total":2,"covered":2,"skipped":0,"pct":100},"statements":{"total":9,"covered":9,"skipped":0,"pct":100},"branches":{"total":0,"covered":0,"skipped":0,"pct":100}}
,"C:\\Users\\vansh\\OneDrive\\Desktop\\VIVA phoncis with sql\\src\\models\\student.models.js": {"lines":{"total":10,"covered":10,"skipped":0,"pct":100},"functions":{"total":2,"covered":2,"skipped":0,"pct":100},"statements":{"total":10,"covered":10,"skipped":0,"pct":100},"branches":{"total":0,"covered":0,"skipped":0,"pct":100}}
,"C:\\Users\\vansh\\OneDrive\\Desktop\\VIVA phoncis with sql\\src\\models\\tutor.models.js": {"lines":{"total":9,"covered":9,"skipped":0,"pct":100},"functions":{"total":2,"covered":2,"skipped":0,"pct":100},"statements":{"total":9,"covered":9,"skipped":0,"pct":100},"branches":{"total":0,"covered":0,"skipped":0,"pct":100}}
,"C:\\Users\\vansh\\OneDrive\\Desktop\\VIVA phoncis with sql\\src\\models\\tutorStudents.models.js": {"lines":{"total":3,"covered":0,"skipped":0,"pct":0},"functions":{"total":1,"covered":0,"skipped":0,"pct":0},"statements":{"total":3,"covered":0,"skipped":0,"pct":0},"branches":{"total":0,"covered":0,"skipped":0,"pct":100}}
,"C:\\Users\\vansh\\OneDrive\\Desktop\\VIVA phoncis with sql\\src\\models\\user.models.js": {"lines":{"total":11,"covered":11,"skipped":0,"pct":100},"functions":{"total":2,"covered":2,"skipped":0,"pct":100},"statements":{"total":11,"covered":11,"skipped":0,"pct":100},"branches":{"total":0,"covered":0,"skipped":0,"pct":100}}
,"C:\\Users\\vansh\\OneDrive\\Desktop\\VIVA phoncis with sql\\src\\routes\\report.routes.js": {"lines":{"total":8,"covered":8,"skipped":0,"pct":100},"functions":{"total":0,"covered":0,"skipped":0,"pct":100},"statements":{"total":8,"covered":8,"skipped":0,"pct":100},"branches":{"total":0,"covered":0,"skipped":0,"pct":100}}
,"C:\\Users\\vansh\\OneDrive\\Desktop\\VIVA phoncis with sql\\src\\routes\\slot.routes.js": {"lines":{"total":44,"covered":26,"skipped":0,"pct":59.09},"functions":{"total":3,"covered":0,"skipped":0,"pct":0},"statements":{"total":45,"covered":26,"skipped":0,"pct":57.77},"branches":{"total":8,"covered":0,"skipped":0,"pct":0}}
,"C:\\Users\\vansh\\OneDrive\\Desktop\\VIVA phoncis with sql\\src\\routes\\student.routes.js": {"lines":{"total":20,"covered":20,"skipped":0,"pct":100},"functions":{"total":0,"covered":0,"skipped":0,"pct":100},"statements":{"total":20,"covered":20,"skipped":0,"pct":100},"branches":{"total":0,"covered":0,"skipped":0,"pct":100}}
,"C:\\Users\\vansh\\OneDrive\\Desktop\\VIVA phoncis with sql\\src\\routes\\tutor.routes.js": {"lines":{"total":17,"covered":17,"skipped":0,"pct":100},"functions":{"total":0,"covered":0,"skipped":0,"pct":100},"statements":{"total":17,"covered":17,"skipped":0,"pct":100},"branches":{"total":0,"covered":0,"skipped":0,"pct":100}}
,"C:\\Users\\vansh\\OneDrive\\Desktop\\VIVA phoncis with sql\\src\\routes\\user.routes.js": {"lines":{"total":19,"covered":19,"skipped":0,"pct":100},"functions":{"total":0,"covered":0,"skipped":0,"pct":100},"statements":{"total":19,"covered":19,"skipped":0,"pct":100},"branches":{"total":0,"covered":0,"skipped":0,"pct":100}}
,"C:\\Users\\vansh\\OneDrive\\Desktop\\VIVA phoncis with sql\\src\\services\\report.services.js": {"lines":{"total":53,"covered":53,"skipped":0,"pct":100},"functions":{"total":5,"covered":5,"skipped":0,"pct":100},"statements":{"total":54,"covered":54,"skipped":0,"pct":100},"branches":{"total":24,"covered":19,"skipped":0,"pct":79.16}}
,"C:\\Users\\vansh\\OneDrive\\Desktop\\VIVA phoncis with sql\\src\\services\\slot.services.js": {"lines":{"total":449,"covered":301,"skipped":0,"pct":67.03},"functions":{"total":21,"covered":18,"skipped":0,"pct":85.71},"statements":{"total":466,"covered":311,"skipped":0,"pct":66.73},"branches":{"total":286,"covered":151,"skipped":0,"pct":52.79}}
,"C:\\Users\\vansh\\OneDrive\\Desktop\\VIVA phoncis with sql\\src\\services\\student.services.js": {"lines":{"total":263,"covered":234,"skipped":0,"pct":88.97},"functions":{"total":16,"covered":14,"skipped":0,"pct":87.5},"statements":{"total":281,"covered":245,"skipped":0,"pct":87.18},"branches":{"total":233,"covered":168,"skipped":0,"pct":72.1}}
,"C:\\Users\\vansh\\OneDrive\\Desktop\\VIVA phoncis with sql\\src\\services\\tutor.services.js": {"lines":{"total":269,"covered":223,"skipped":0,"pct":82.89},"functions":{"total":16,"covered":12,"skipped":0,"pct":75},"statements":{"total":296,"covered":243,"skipped":0,"pct":82.09},"branches":{"total":171,"covered":119,"skipped":0,"pct":69.59}}
,"C:\\Users\\vansh\\OneDrive\\Desktop\\VIVA phoncis with sql\\src\\services\\user.services.js": {"lines":{"total":136,"covered":131,"skipped":0,"pct":96.32},"functions":{"total":10,"covered":8,"skipped":0,"pct":80},"statements":{"total":138,"covered":133,"skipped":0,"pct":96.37},"branches":{"total":76,"covered":61,"skipped":0,"pct":80.26}}
,"C:\\Users\\vansh\\OneDrive\\Desktop\\VIVA phoncis with sql\\src\\utils\\AppError.js": {"lines":{"total":5,"covered":5,"skipped":0,"pct":100},"functions":{"total":1,"covered":1,"skipped":0,"pct":100},"statements":{"total":5,"covered":5,"skipped":0,"pct":100},"branches":{"total":2,"covered":2,"skipped":0,"pct":100}}
,"C:\\Users\\vansh\\OneDrive\\Desktop\\VIVA phoncis with sql\\src\\utils\\catchAsync.js": {"lines":{"total":3,"covered":3,"skipped":0,"pct":100},"functions":{"total":2,"covered":2,"skipped":0,"pct":100},"statements":{"total":3,"covered":3,"skipped":0,"pct":100},"branches":{"total":0,"covered":0,"skipped":0,"pct":100}}
,"C:\\Users\\vansh\\OneDrive\\Desktop\\VIVA phoncis with sql\\src\\utils\\db.js": {"lines":{"total":31,"covered":26,"skipped":0,"pct":83.87},"functions":{"total":2,"covered":2,"skipped":0,"pct":100},"statements":{"total":31,"covered":26,"skipped":0,"pct":83.87},"branches":{"total":19,"covered":16,"skipped":0,"pct":84.21}}
,"C:\\Users\\vansh\\OneDrive\\Desktop\\VIVA phoncis with sql\\src\\utils\\genratetoken.js": {"lines":{"total":7,"covered":6,"skipped":0,"pct":85.71},"functions":{"total":1,"covered":1,"skipped":0,"pct":100},"statements":{"total":7,"covered":6,"skipped":0,"pct":85.71},"branches":{"total":0,"covered":0,"skipped":0,"pct":100}}
,"C:\\Users\\vansh\\OneDrive\\Desktop\\VIVA phoncis with sql\\src\\utils\\mailer.js": {"lines":{"total":3,"covered":3,"skipped":0,"pct":100},"functions":{"total":0,"covered":0,"skipped":0,"pct":100},"statements":{"total":3,"covered":3,"skipped":0,"pct":100},"branches":{"total":0,"covered":0,"skipped":0,"pct":100}}
,"C:\\Users\\vansh\\OneDrive\\Desktop\\VIVA phoncis with sql\\src\\utils\\notification.js": {"lines":{"total":10,"covered":10,"skipped":0,"pct":100},"functions":{"total":2,"covered":2,"skipped":0,"pct":100},"statements":{"total":11,"covered":11,"skipped":0,"pct":100},"branches":{"total":3,"covered":3,"skipped":0,"pct":100}}
,"C:\\Users\\vansh\\OneDrive\\Desktop\\VIVA phoncis with sql\\src\\utils\\randompassword.js": {"lines":{"total":5,"covered":3,"skipped":0,"pct":60},"functions":{"total":1,"covered":0,"skipped":0,"pct":0},"statements":{"total":5,"covered":3,"skipped":0,"pct":60},"branches":{"total":0,"covered":0,"skipped":0,"pct":100}}
,"C:\\Users\\vansh\\OneDrive\\Desktop\\VIVA phoncis with sql\\src\\utils\\razerpaysetup.js": {"lines":{"total":3,"covered":3,"skipped":0,"pct":100},"functions":{"total":0,"covered":0,"skipped":0,"pct":100},"statements":{"total":3,"covered":3,"skipped":0,"pct":100},"branches":{"total":0,"covered":0,"skipped":0,"pct":100}}
,"C:\\Users\\vansh\\OneDrive\\Desktop\\VIVA phoncis with sql\\src\\utils\\weeklySlotCron.js": {"lines":{"total":14,"covered":6,"skipped":0,"pct":42.85},"functions":{"total":2,"covered":0,"skipped":0,"pct":0},"statements":{"total":14,"covered":6,"skipped":0,"pct":42.85},"branches":{"total":0,"covered":0,"skipped":0,"pct":100}}
,"C:\\Users\\vansh\\OneDrive\\Desktop\\VIVA phoncis with sql\\src\\validations\\slot.validations.js": {"lines":{"total":6,"covered":4,"skipped":0,"pct":66.66},"functions":{"total":2,"covered":0,"skipped":0,"pct":0},"statements":{"total":6,"covered":4,"skipped":0,"pct":66.66},"branches":{"total":4,"covered":0,"skipped":0,"pct":0}}
,"C:\\Users\\vansh\\OneDrive\\Desktop\\VIVA phoncis with sql\\src\\validations\\students.validations.js": {"lines":{"total":11,"covered":9,"skipped":0,"pct":81.81},"functions":{"total":2,"covered":1,"skipped":0,"pct":50},"statements":{"total":13,"covered":9,"skipped":0,"pct":69.23},"branches":{"total":14,"covered":8,"skipped":0,"pct":57.14}}
,"C:\\Users\\vansh\\OneDrive\\Desktop\\VIVA phoncis with sql\\src\\validations\\tutor.validations.js": {"lines":{"total":2,"covered":2,"skipped":0,"pct":100},"functions":{"total":0,"covered":0,"skipped":0,"pct":100},"statements":{"total":2,"covered":2,"skipped":0,"pct":100},"branches":{"total":0,"covered":0,"skipped":0,"pct":100}}
,"C:\\Users\\vansh\\OneDrive\\Desktop\\VIVA phoncis with sql\\src\\validations\\users.validation.js": {"lines":{"total":4,"covered":4,"skipped":0,"pct":100},"functions":{"total":0,"covered":0,"skipped":0,"pct":100},"statements":{"total":4,"covered":4,"skipped":0,"pct":100},"branches":{"total":0,"covered":0,"skipped":0,"pct":100}}
}
