TN:
SF:src\constants\sequelizetableconstants.js
FNF:0
FNH:0
DA:2,1
DA:15,1
DA:22,1
DA:29,1
DA:34,1
DA:40,1
LF:6
LH:6
BRF:0
BRH:0
end_of_record
TN:
SF:src\controllers\slot.controllers.js
FN:12,(anonymous_0)
FN:24,(anonymous_1)
FN:37,(anonymous_2)
FN:57,(anonymous_3)
FN:71,(anonymous_4)
FN:84,(anonymous_5)
FNF:6
FNH:0
FNDA:0,(anonymous_0)
FNDA:0,(anonymous_1)
FNDA:0,(anonymous_2)
FNDA:0,(anonymous_3)
FNDA:0,(anonymous_4)
FNDA:0,(anonymous_5)
DA:8,1
DA:9,1
DA:10,1
DA:12,1
DA:13,0
DA:14,0
DA:16,0
DA:17,0
DA:20,0
DA:21,0
DA:24,1
DA:25,0
DA:26,0
DA:27,0
DA:29,0
DA:30,0
DA:33,0
DA:34,0
DA:37,1
DA:38,0
DA:39,0
DA:40,0
DA:42,0
DA:43,0
DA:45,0
DA:46,0
DA:48,0
DA:49,0
DA:52,0
DA:53,0
DA:57,1
DA:58,0
DA:59,0
DA:60,0
DA:62,0
DA:63,0
DA:71,1
DA:72,0
DA:73,0
DA:74,0
DA:76,0
DA:77,0
DA:84,1
DA:85,0
DA:86,0
DA:88,0
DA:89,0
DA:92,0
DA:94,0
LF:49
LH:9
BRDA:16,0,0,0
BRDA:16,0,1,0
BRDA:16,1,0,0
BRDA:16,1,1,0
BRDA:29,2,0,0
BRDA:29,2,1,0
BRDA:29,3,0,0
BRDA:29,3,1,0
BRDA:42,4,0,0
BRDA:42,4,1,0
BRDA:45,5,0,0
BRDA:45,5,1,0
BRDA:48,6,0,0
BRDA:48,6,1,0
BRDA:48,7,0,0
BRDA:48,7,1,0
BRDA:88,8,0,0
BRDA:88,8,1,0
BRDA:88,9,0,0
BRDA:88,9,1,0
BRDA:88,9,2,0
BRDA:88,9,3,0
BRF:22
BRH:0
end_of_record
TN:
SF:src\controllers\student.controllers.js
FN:16,(anonymous_0)
FN:25,(anonymous_1)
FN:32,(anonymous_2)
FN:40,(anonymous_3)
FN:51,(anonymous_4)
FN:59,(anonymous_5)
FN:65,(anonymous_6)
FN:74,(anonymous_7)
FNF:8
FNH:0
FNDA:0,(anonymous_0)
FNDA:0,(anonymous_1)
FNDA:0,(anonymous_2)
FNDA:0,(anonymous_3)
FNDA:0,(anonymous_4)
FNDA:0,(anonymous_5)
FNDA:0,(anonymous_6)
FNDA:0,(anonymous_7)
DA:1,1
DA:11,1
DA:12,1
DA:13,1
DA:16,1
DA:17,0
DA:18,0
DA:25,1
DA:26,0
DA:27,0
DA:28,0
DA:32,1
DA:33,0
DA:34,0
DA:36,0
DA:40,1
DA:41,0
DA:42,0
DA:51,1
DA:52,0
DA:53,0
DA:54,0
DA:59,1
DA:60,0
DA:61,0
DA:62,0
DA:65,1
DA:66,0
DA:67,0
DA:69,0
DA:70,0
DA:74,1
DA:75,0
DA:76,0
LF:34
LH:12
BRF:0
BRH:0
end_of_record
TN:
SF:src\controllers\tutor.controllers.js
FN:6,(anonymous_0)
FN:12,(anonymous_1)
FN:19,(anonymous_2)
FN:26,(anonymous_3)
FN:37,(anonymous_4)
FN:44,(anonymous_5)
FN:51,(anonymous_6)
FNF:7
FNH:0
FNDA:0,(anonymous_0)
FNDA:0,(anonymous_1)
FNDA:0,(anonymous_2)
FNDA:0,(anonymous_3)
FNDA:0,(anonymous_4)
FNDA:0,(anonymous_5)
FNDA:0,(anonymous_6)
DA:1,1
DA:2,1
DA:3,1
DA:6,1
DA:7,0
DA:8,0
DA:12,1
DA:13,0
DA:14,0
DA:15,0
DA:19,1
DA:20,0
DA:21,0
DA:22,0
DA:26,1
DA:27,0
DA:28,0
DA:37,1
DA:38,0
DA:39,0
DA:40,0
DA:44,1
DA:45,0
DA:46,0
DA:47,0
DA:48,0
DA:51,1
DA:52,0
DA:53,0
LF:29
LH:10
BRF:0
BRH:0
end_of_record
TN:
SF:src\controllers\user.controllers.js
FN:5,(anonymous_0)
FN:11,(anonymous_1)
FN:25,(anonymous_2)
FN:31,(anonymous_3)
FN:37,(anonymous_4)
FN:43,(anonymous_5)
FN:50,(anonymous_6)
FN:64,(anonymous_7)
FN:78,(anonymous_8)
FN:85,(anonymous_9)
FN:91,(anonymous_10)
FN:105,(anonymous_11)
FNF:12
FNH:10
FNDA:2,(anonymous_0)
FNDA:4,(anonymous_1)
FNDA:1,(anonymous_2)
FNDA:1,(anonymous_3)
FNDA:3,(anonymous_4)
FNDA:4,(anonymous_5)
FNDA:3,(anonymous_6)
FNDA:3,(anonymous_7)
FNDA:0,(anonymous_8)
FNDA:1,(anonymous_9)
FNDA:3,(anonymous_10)
FNDA:0,(anonymous_11)
DA:1,1
DA:2,1
DA:5,1
DA:6,2
DA:7,0
DA:11,1
DA:12,4
DA:13,0
DA:25,1
DA:26,1
DA:27,0
DA:31,1
DA:32,1
DA:33,0
DA:37,1
DA:38,3
DA:39,0
DA:43,1
DA:44,4
DA:45,4
DA:46,0
DA:50,1
DA:51,3
DA:52,3
DA:53,2
DA:64,1
DA:65,3
DA:66,3
DA:67,2
DA:78,1
DA:79,0
DA:80,0
DA:81,0
DA:85,1
DA:86,1
DA:87,0
DA:91,1
DA:92,3
DA:93,0
DA:105,1
DA:106,0
DA:107,0
LF:42
LH:29
BRF:0
BRH:0
end_of_record
TN:
SF:src\middleware\auth.js
FN:3,(anonymous_0)
FN:22,(anonymous_1)
FN:23,(anonymous_2)
FNF:3
FNH:3
FNDA:9,(anonymous_0)
FNDA:23,(anonymous_1)
FNDA:2,(anonymous_2)
DA:1,1
DA:3,1
DA:4,9
DA:5,9
DA:6,3
DA:10,6
DA:12,6
DA:14,6
DA:15,5
DA:16,5
DA:18,1
DA:22,1
DA:23,23
DA:24,2
DA:25,1
DA:26,1
DA:28,1
LF:17
LH:17
BRDA:5,0,0,3
BRDA:5,0,1,6
BRDA:5,1,0,9
BRDA:5,1,1,6
BRDA:24,2,0,1
BRDA:24,2,1,1
BRF:6
BRH:6
end_of_record
TN:
SF:src\middleware\validate.js
FN:10,(anonymous_0)
FNF:1
FNH:1
FNDA:6,(anonymous_0)
DA:3,1
DA:10,1
DA:11,6
DA:12,6
DA:13,3
DA:19,3
DA:23,1
LF:7
LH:7
BRDA:12,0,0,3
BRDA:12,0,1,3
BRF:2
BRH:2
end_of_record
TN:
SF:src\models\RecurringBookingPattern.js
FN:5,(anonymous_0)
FN:115,(anonymous_1)
FNF:2
FNH:2
FNDA:2,(anonymous_0)
FNDA:2,(anonymous_1)
DA:2,1
DA:3,1
DA:5,1
DA:6,2
DA:115,2
DA:116,2
DA:117,2
DA:118,2
DA:119,2
DA:120,2
DA:123,2
LF:11
LH:11
BRF:0
BRH:0
end_of_record
TN:
SF:src\models\RefreshToken.js
FN:5,(anonymous_0)
FN:41,(anonymous_1)
FNF:2
FNH:2
FNDA:2,(anonymous_0)
FNDA:2,(anonymous_1)
DA:2,1
DA:3,1
DA:5,1
DA:6,2
DA:41,2
DA:42,2
DA:45,2
LF:7
LH:7
BRF:0
BRH:0
end_of_record
TN:
SF:src\models\WeeklyHourBlock.js
FN:4,(anonymous_0)
FN:52,(anonymous_1)
FNF:2
FNH:2
FNDA:2,(anonymous_0)
FNDA:2,(anonymous_1)
DA:1,1
DA:2,1
DA:4,1
DA:5,2
DA:52,2
DA:53,2
DA:56,2
LF:7
LH:7
BRF:0
BRH:0
end_of_record
TN:
SF:src\models\payment.models.js
FN:5,(anonymous_0)
FN:88,(anonymous_1)
FNF:2
FNH:2
FNDA:2,(anonymous_0)
FNDA:2,(anonymous_1)
DA:2,1
DA:3,1
DA:5,1
DA:6,2
DA:88,2
DA:89,2
DA:90,2
DA:91,2
DA:93,2
LF:9
LH:9
BRF:0
BRH:0
end_of_record
TN:
SF:src\models\slot.models.js
FN:5,(anonymous_0)
FN:104,(anonymous_1)
FNF:2
FNH:2
FNDA:2,(anonymous_0)
FNDA:2,(anonymous_1)
DA:2,1
DA:3,1
DA:5,1
DA:6,2
DA:104,2
DA:105,2
DA:106,2
DA:107,2
DA:108,2
DA:111,2
LF:10
LH:10
BRF:0
BRH:0
end_of_record
TN:
SF:src\models\student.models.js
FN:5,(anonymous_0)
FN:124,(anonymous_1)
FNF:2
FNH:2
FNDA:2,(anonymous_0)
FNDA:2,(anonymous_1)
DA:2,1
DA:3,1
DA:5,1
DA:6,2
DA:124,2
DA:125,2
DA:126,2
DA:127,2
DA:128,2
DA:129,2
DA:134,2
LF:11
LH:11
BRF:0
BRH:0
end_of_record
TN:
SF:src\models\tutor.models.js
FN:4,(anonymous_0)
FN:81,(anonymous_1)
FNF:2
FNH:2
FNDA:2,(anonymous_0)
FNDA:2,(anonymous_1)
DA:1,1
DA:2,1
DA:4,1
DA:5,2
DA:81,2
DA:82,2
DA:83,2
DA:84,2
DA:85,2
DA:86,2
DA:87,2
DA:90,2
LF:12
LH:12
BRF:0
BRH:0
end_of_record
TN:
SF:src\models\user.models.js
FN:5,(anonymous_0)
FN:61,(anonymous_1)
FNF:2
FNH:2
FNDA:2,(anonymous_0)
FNDA:2,(anonymous_1)
DA:2,1
DA:3,1
DA:5,1
DA:6,2
DA:61,2
DA:62,2
DA:65,2
LF:7
LH:7
BRF:0
BRH:0
end_of_record
TN:
SF:src\routes\slot.routes.js
FNF:0
FNH:0
DA:3,1
DA:4,1
DA:5,1
DA:7,1
DA:8,1
DA:11,1
DA:14,1
DA:17,1
DA:20,1
DA:23,1
DA:26,1
DA:28,1
DA:32,1
LF:13
LH:13
BRF:0
BRH:0
end_of_record
TN:
SF:src\routes\student.routes.js
FNF:0
FNH:0
DA:1,1
DA:2,1
DA:4,1
DA:5,1
DA:6,1
DA:7,1
DA:8,1
DA:14,1
DA:15,1
DA:16,1
DA:17,1
DA:18,1
DA:19,1
DA:20,1
DA:21,1
DA:25,1
LF:16
LH:16
BRF:0
BRH:0
end_of_record
TN:
SF:src\routes\tutor.routes.js
FNF:0
FNH:0
DA:1,1
DA:2,1
DA:4,1
DA:5,1
DA:6,1
DA:7,1
DA:8,1
DA:12,1
DA:13,1
DA:14,1
DA:15,1
DA:16,1
DA:17,1
DA:18,1
DA:20,1
LF:15
LH:15
BRF:0
BRH:0
end_of_record
TN:
SF:src\routes\user.routes.js
FNF:0
FNH:0
DA:1,1
DA:2,1
DA:4,1
DA:5,1
DA:6,1
DA:7,1
DA:8,1
DA:12,1
DA:18,1
DA:20,1
DA:21,1
DA:22,1
DA:23,1
DA:24,1
DA:25,1
DA:26,1
DA:27,1
DA:28,1
DA:29,1
DA:32,1
LF:20
LH:20
BRF:0
BRH:0
end_of_record
TN:
SF:src\services\slot.services.js
FN:9,(anonymous_0)
FN:21,(anonymous_1)
FN:28,(anonymous_2)
FN:47,(anonymous_3)
FN:72,(anonymous_4)
FN:163,(anonymous_5)
FN:215,(anonymous_6)
FN:227,(anonymous_7)
FN:338,(anonymous_8)
FN:389,(anonymous_9)
FN:425,(anonymous_10)
FN:471,(anonymous_11)
FN:528,(anonymous_12)
FN:529,(anonymous_13)
FN:588,(anonymous_14)
FN:662,(anonymous_15)
FNF:16
FNH:0
FNDA:0,(anonymous_0)
FNDA:0,(anonymous_1)
FNDA:0,(anonymous_2)
FNDA:0,(anonymous_3)
FNDA:0,(anonymous_4)
FNDA:0,(anonymous_5)
FNDA:0,(anonymous_6)
FNDA:0,(anonymous_7)
FNDA:0,(anonymous_8)
FNDA:0,(anonymous_9)
FNDA:0,(anonymous_10)
FNDA:0,(anonymous_11)
FNDA:0,(anonymous_12)
FNDA:0,(anonymous_13)
FNDA:0,(anonymous_14)
FNDA:0,(anonymous_15)
DA:1,1
DA:2,1
DA:3,1
DA:4,1
DA:5,1
DA:9,1
DA:10,0
DA:11,0
DA:13,0
DA:14,0
DA:15,0
DA:17,0
DA:21,1
DA:22,0
DA:23,0
DA:24,0
DA:28,1
DA:29,0
DA:30,0
DA:32,0
DA:33,0
DA:34,0
DA:41,0
DA:43,0
DA:47,1
DA:48,0
DA:50,0
DA:61,0
DA:62,0
DA:65,0
DA:66,0
DA:72,1
DA:73,0
DA:74,0
DA:76,0
DA:77,0
DA:78,0
DA:79,0
DA:82,0
DA:84,0
DA:89,0
DA:92,0
DA:93,0
DA:94,0
DA:95,0
DA:97,0
DA:98,0
DA:99,0
DA:101,0
DA:102,0
DA:106,0
DA:107,0
DA:108,0
DA:110,0
DA:111,0
DA:112,0
DA:113,0
DA:114,0
DA:118,0
DA:119,0
DA:120,0
DA:124,0
DA:136,0
DA:139,0
DA:149,0
DA:150,0
DA:153,0
DA:154,0
DA:155,0
DA:157,0
DA:163,1
DA:164,0
DA:165,0
DA:166,0
DA:167,0
DA:168,0
DA:170,0
DA:171,0
DA:172,0
DA:176,0
DA:180,0
DA:181,0
DA:182,0
DA:183,0
DA:186,0
DA:190,0
DA:191,0
DA:193,0
DA:194,0
DA:196,0
DA:197,0
DA:200,0
DA:214,0
DA:215,0
DA:216,0
DA:217,0
DA:218,0
DA:220,0
DA:223,0
DA:225,0
DA:226,0
DA:227,0
DA:230,0
DA:231,0
DA:232,0
DA:233,0
DA:234,0
DA:236,0
DA:237,0
DA:239,0
DA:240,0
DA:250,0
DA:251,0
DA:252,0
DA:253,0
DA:255,0
DA:256,0
DA:257,0
DA:258,0
DA:261,0
DA:262,0
DA:263,0
DA:264,0
DA:266,0
DA:268,0
DA:269,0
DA:270,0
DA:271,0
DA:272,0
DA:273,0
DA:274,0
DA:277,0
DA:278,0
DA:280,0
DA:281,0
DA:282,0
DA:283,0
DA:284,0
DA:285,0
DA:290,0
DA:291,0
DA:292,0
DA:301,0
DA:302,0
DA:305,0
DA:308,0
DA:309,0
DA:310,0
DA:311,0
DA:313,0
DA:316,0
DA:317,0
DA:319,0
DA:325,0
DA:326,0
DA:329,0
DA:330,0
DA:331,0
DA:333,0
DA:338,1
DA:339,0
DA:340,0
DA:341,0
DA:343,0
DA:345,0
DA:346,0
DA:347,0
DA:349,0
DA:350,0
DA:356,0
DA:357,0
DA:360,0
DA:361,0
DA:362,0
DA:363,0
DA:368,0
DA:369,0
DA:370,0
DA:373,0
DA:389,0
DA:404,0
DA:405,0
DA:414,0
DA:415,0
DA:416,0
DA:418,0
DA:425,1
DA:426,0
DA:427,0
DA:428,0
DA:430,0
DA:431,0
DA:433,0
DA:435,0
DA:436,0
DA:438,0
DA:439,0
DA:453,0
DA:454,0
DA:457,0
DA:458,0
DA:461,0
DA:462,0
DA:463,0
DA:465,0
DA:471,1
DA:472,0
DA:473,0
DA:475,0
DA:478,0
DA:479,0
DA:480,0
DA:482,0
DA:483,0
DA:484,0
DA:486,0
DA:487,0
DA:488,0
DA:491,0
DA:492,0
DA:495,0
DA:496,0
DA:497,0
DA:498,0
DA:500,0
DA:501,0
DA:504,0
DA:505,0
DA:506,0
DA:508,0
DA:510,0
DA:519,0
DA:520,0
DA:522,0
DA:523,0
DA:524,0
DA:525,0
DA:526,0
DA:528,0
DA:529,0
DA:530,0
DA:531,0
DA:532,0
DA:534,0
DA:537,0
DA:544,0
DA:547,0
DA:548,0
DA:549,0
DA:550,0
DA:552,0
DA:553,0
DA:554,0
DA:555,0
DA:557,0
DA:564,0
DA:565,0
DA:566,0
DA:568,0
DA:571,0
DA:572,0
DA:575,0
DA:576,0
DA:579,0
DA:580,0
DA:581,0
DA:583,0
DA:588,1
DA:592,0
DA:594,0
DA:595,0
DA:596,0
DA:597,0
DA:599,0
DA:600,0
DA:604,0
DA:605,0
DA:606,0
DA:610,0
DA:611,0
DA:613,0
DA:614,0
DA:617,0
DA:618,0
DA:619,0
DA:620,0
DA:621,0
DA:623,0
DA:624,0
DA:626,0
DA:627,0
DA:628,0
DA:629,0
DA:632,0
DA:633,0
DA:634,0
DA:636,0
DA:638,0
DA:639,0
DA:642,0
DA:643,0
DA:646,0
DA:647,0
DA:650,0
DA:662,0
DA:667,0
DA:669,0
DA:681,0
DA:682,0
LF:309
LH:15
BRDA:10,0,0,0
BRDA:10,0,1,0
BRDA:10,1,0,0
BRDA:10,1,1,0
BRDA:14,2,0,0
BRDA:14,2,1,0
BRDA:14,3,0,0
BRDA:14,3,1,0
BRDA:14,3,2,0
BRDA:14,3,3,0
BRDA:14,3,4,0
BRDA:14,3,5,0
BRDA:47,4,0,0
BRDA:47,5,0,0
BRDA:55,6,0,0
BRDA:55,6,1,0
BRDA:61,7,0,0
BRDA:61,7,1,0
BRDA:72,8,0,0
BRDA:73,9,0,0
BRDA:73,9,1,0
BRDA:74,10,0,0
BRDA:74,10,1,0
BRDA:77,11,0,0
BRDA:77,11,1,0
BRDA:78,12,0,0
BRDA:78,12,1,0
BRDA:78,13,0,0
BRDA:78,13,1,0
BRDA:86,14,0,0
BRDA:87,15,0,0
BRDA:88,16,0,0
BRDA:92,17,0,0
BRDA:92,17,1,0
BRDA:93,18,0,0
BRDA:93,18,1,0
BRDA:93,19,0,0
BRDA:93,19,1,0
BRDA:93,19,2,0
BRDA:94,20,0,0
BRDA:94,20,1,0
BRDA:94,21,0,0
BRDA:94,21,1,0
BRDA:95,22,0,0
BRDA:95,22,1,0
BRDA:95,23,0,0
BRDA:95,23,1,0
BRDA:101,24,0,0
BRDA:101,24,1,0
BRDA:107,25,0,0
BRDA:107,25,1,0
BRDA:108,26,0,0
BRDA:108,26,1,0
BRDA:111,27,0,0
BRDA:111,27,1,0
BRDA:113,28,0,0
BRDA:113,28,1,0
BRDA:114,29,0,0
BRDA:114,29,1,0
BRDA:119,30,0,0
BRDA:119,30,1,0
BRDA:126,31,0,0
BRDA:126,31,1,0
BRDA:127,32,0,0
BRDA:127,32,1,0
BRDA:139,33,0,0
BRDA:139,33,1,0
BRDA:139,34,0,0
BRDA:139,34,1,0
BRDA:149,35,0,0
BRDA:149,35,1,0
BRDA:153,36,0,0
BRDA:153,36,1,0
BRDA:157,37,0,0
BRDA:157,37,1,0
BRDA:166,38,0,0
BRDA:166,38,1,0
BRDA:167,39,0,0
BRDA:167,39,1,0
BRDA:168,40,0,0
BRDA:168,40,1,0
BRDA:171,41,0,0
BRDA:171,41,1,0
BRDA:171,42,0,0
BRDA:171,42,1,0
BRDA:180,43,0,0
BRDA:180,43,1,0
BRDA:181,44,0,0
BRDA:181,44,1,0
BRDA:182,45,0,0
BRDA:182,45,1,0
BRDA:182,46,0,0
BRDA:182,46,1,0
BRDA:190,47,0,0
BRDA:190,47,1,0
BRDA:191,48,0,0
BRDA:191,48,1,0
BRDA:194,49,0,0
BRDA:194,49,1,0
BRDA:217,50,0,0
BRDA:217,50,1,0
BRDA:230,51,0,0
BRDA:230,51,1,0
BRDA:230,52,0,0
BRDA:230,52,1,0
BRDA:230,52,2,0
BRDA:232,53,0,0
BRDA:232,53,1,0
BRDA:232,54,0,0
BRDA:232,54,1,0
BRDA:257,55,0,0
BRDA:257,55,1,0
BRDA:266,56,0,0
BRDA:266,56,1,0
BRDA:269,57,0,0
BRDA:269,57,1,0
BRDA:269,58,0,0
BRDA:269,58,1,0
BRDA:272,59,0,0
BRDA:272,59,1,0
BRDA:280,60,0,0
BRDA:280,60,1,0
BRDA:282,61,0,0
BRDA:282,61,1,0
BRDA:282,62,0,0
BRDA:282,62,1,0
BRDA:290,63,0,0
BRDA:290,63,1,0
BRDA:301,64,0,0
BRDA:301,64,1,0
BRDA:308,65,0,0
BRDA:308,65,1,0
BRDA:310,66,0,0
BRDA:310,66,1,0
BRDA:341,67,0,0
BRDA:341,68,0,0
BRDA:341,69,0,0
BRDA:343,70,0,0
BRDA:343,70,1,0
BRDA:349,71,0,0
BRDA:349,71,1,0
BRDA:349,72,0,0
BRDA:349,72,1,0
BRDA:356,73,0,0
BRDA:356,73,1,0
BRDA:356,74,0,0
BRDA:356,74,1,0
BRDA:360,75,0,0
BRDA:360,75,1,0
BRDA:362,76,0,0
BRDA:362,76,1,0
BRDA:368,77,0,0
BRDA:368,77,1,0
BRDA:369,78,0,0
BRDA:369,78,1,0
BRDA:398,79,0,0
BRDA:398,79,1,0
BRDA:428,80,0,0
BRDA:428,80,1,0
BRDA:430,81,0,0
BRDA:430,81,1,0
BRDA:433,82,0,0
BRDA:433,82,1,0
BRDA:436,83,0,0
BRDA:436,83,1,0
BRDA:453,84,0,0
BRDA:453,84,1,0
BRDA:453,85,0,0
BRDA:453,85,1,0
BRDA:471,86,0,0
BRDA:472,87,0,0
BRDA:472,87,1,0
BRDA:473,88,0,0
BRDA:473,88,1,0
BRDA:479,89,0,0
BRDA:479,89,1,0
BRDA:480,90,0,0
BRDA:480,90,1,0
BRDA:483,91,0,0
BRDA:483,91,1,0
BRDA:484,92,0,0
BRDA:484,92,1,0
BRDA:487,93,0,0
BRDA:487,93,1,0
BRDA:487,94,0,0
BRDA:487,94,1,0
BRDA:492,95,0,0
BRDA:492,95,1,0
BRDA:496,96,0,0
BRDA:496,96,1,0
BRDA:496,97,0,0
BRDA:496,97,1,0
BRDA:498,98,0,0
BRDA:498,98,1,0
BRDA:505,99,0,0
BRDA:505,99,1,0
BRDA:505,100,0,0
BRDA:505,100,1,0
BRDA:505,100,2,0
BRDA:505,100,3,0
BRDA:505,100,4,0
BRDA:505,100,5,0
BRDA:524,101,0,0
BRDA:524,101,1,0
BRDA:524,102,0,0
BRDA:524,102,1,0
BRDA:524,102,2,0
BRDA:524,102,3,0
BRDA:526,103,0,0
BRDA:526,103,1,0
BRDA:526,104,0,0
BRDA:526,104,1,0
BRDA:529,105,0,0
BRDA:529,105,1,0
BRDA:529,106,0,0
BRDA:529,106,1,0
BRDA:532,107,0,0
BRDA:532,107,1,0
BRDA:550,108,0,0
BRDA:550,108,1,0
BRDA:554,109,0,0
BRDA:554,109,1,0
BRDA:555,110,0,0
BRDA:555,110,1,0
BRDA:565,111,0,0
BRDA:565,111,1,0
BRDA:565,112,0,0
BRDA:565,112,1,0
BRDA:565,112,2,0
BRDA:571,113,0,0
BRDA:571,113,1,0
BRDA:571,114,0,0
BRDA:571,114,1,0
BRDA:594,115,0,0
BRDA:594,115,1,0
BRDA:595,116,0,0
BRDA:595,116,1,0
BRDA:596,117,0,0
BRDA:596,117,1,0
BRDA:596,118,0,0
BRDA:596,118,1,0
BRDA:596,118,2,0
BRDA:596,118,3,0
BRDA:599,119,0,0
BRDA:599,119,1,0
BRDA:599,120,0,0
BRDA:599,120,1,0
BRDA:605,121,0,0
BRDA:605,121,1,0
BRDA:606,122,0,0
BRDA:606,122,1,0
BRDA:619,123,0,0
BRDA:619,123,1,0
BRDA:619,124,0,0
BRDA:619,124,1,0
BRDA:619,124,2,0
BRDA:619,124,3,0
BRDA:621,125,0,0
BRDA:621,125,1,0
BRDA:621,126,0,0
BRDA:621,126,1,0
BRDA:628,127,0,0
BRDA:628,127,1,0
BRDA:633,128,0,0
BRDA:633,128,1,0
BRDA:642,129,0,0
BRDA:642,129,1,0
BRDA:642,130,0,0
BRDA:642,130,1,0
BRF:269
BRH:0
end_of_record
TN:
SF:src\services\student.services.js
FN:19,(anonymous_0)
FN:29,(anonymous_1)
FN:35,calculateProfits
FN:49,(anonymous_3)
FN:70,(anonymous_4)
FN:78,(anonymous_5)
FN:92,(anonymous_6)
FN:117,(anonymous_7)
FN:157,(anonymous_8)
FN:211,(anonymous_9)
FN:292,(anonymous_10)
FN:346,(anonymous_11)
FN:349,(anonymous_12)
FN:363,(anonymous_13)
FN:391,(anonymous_14)
FN:442,(anonymous_15)
FN:473,(anonymous_16)
FN:518,(anonymous_17)
FN:550,(anonymous_18)
FN:625,(anonymous_19)
FN:626,(anonymous_20)
FNF:21
FNH:0
FNDA:0,(anonymous_0)
FNDA:0,(anonymous_1)
FNDA:0,calculateProfits
FNDA:0,(anonymous_3)
FNDA:0,(anonymous_4)
FNDA:0,(anonymous_5)
FNDA:0,(anonymous_6)
FNDA:0,(anonymous_7)
FNDA:0,(anonymous_8)
FNDA:0,(anonymous_9)
FNDA:0,(anonymous_10)
FNDA:0,(anonymous_11)
FNDA:0,(anonymous_12)
FNDA:0,(anonymous_13)
FNDA:0,(anonymous_14)
FNDA:0,(anonymous_15)
FNDA:0,(anonymous_16)
FNDA:0,(anonymous_17)
FNDA:0,(anonymous_18)
FNDA:0,(anonymous_19)
FNDA:0,(anonymous_20)
DA:4,1
DA:5,1
DA:6,1
DA:7,1
DA:8,1
DA:9,1
DA:10,1
DA:11,1
DA:15,1
DA:19,1
DA:20,0
DA:21,0
DA:23,0
DA:24,0
DA:25,0
DA:27,0
DA:29,1
DA:30,0
DA:31,0
DA:32,0
DA:37,0
DA:39,0
DA:40,0
DA:41,0
DA:43,0
DA:49,1
DA:50,0
DA:51,0
DA:52,0
DA:53,0
DA:55,0
DA:56,0
DA:59,0
DA:61,0
DA:62,0
DA:63,0
DA:64,0
DA:65,0
DA:70,1
DA:72,0
DA:73,0
DA:74,0
DA:78,1
DA:79,0
DA:80,0
DA:81,0
DA:83,0
DA:84,0
DA:85,0
DA:86,0
DA:92,1
DA:93,0
DA:94,0
DA:96,0
DA:106,0
DA:112,0
DA:117,1
DA:123,0
DA:125,0
DA:126,0
DA:127,0
DA:128,0
DA:129,0
DA:130,0
DA:131,0
DA:132,0
DA:133,0
DA:134,0
DA:135,0
DA:136,0
DA:137,0
DA:138,0
DA:139,0
DA:140,0
DA:141,0
DA:142,0
DA:143,0
DA:144,0
DA:145,0
DA:146,0
DA:147,0
DA:148,0
DA:150,0
DA:157,1
DA:158,0
DA:159,0
DA:164,0
DA:166,0
DA:167,0
DA:168,0
DA:169,0
DA:171,0
DA:172,0
DA:174,0
DA:196,0
DA:197,0
DA:200,0
DA:201,0
DA:204,0
DA:205,0
DA:206,0
DA:211,1
DA:212,0
DA:213,0
DA:214,0
DA:216,0
DA:217,0
DA:219,0
DA:226,0
DA:228,0
DA:229,0
DA:230,0
DA:232,0
DA:234,0
DA:235,0
DA:236,0
DA:237,0
DA:238,0
DA:239,0
DA:240,0
DA:241,0
DA:242,0
DA:243,0
DA:244,0
DA:245,0
DA:246,0
DA:247,0
DA:248,0
DA:249,0
DA:250,0
DA:251,0
DA:252,0
DA:253,0
DA:254,0
DA:255,0
DA:256,0
DA:257,0
DA:260,0
DA:264,0
DA:266,0
DA:267,0
DA:268,0
DA:269,0
DA:273,0
DA:274,0
DA:275,0
DA:276,0
DA:281,0
DA:282,0
DA:285,0
DA:286,0
DA:287,0
DA:292,1
DA:293,0
DA:294,0
DA:295,0
DA:296,0
DA:298,0
DA:314,0
DA:316,0
DA:323,0
DA:346,0
DA:349,0
DA:363,0
DA:380,0
DA:381,0
DA:384,0
DA:385,0
DA:386,0
DA:391,1
DA:392,0
DA:393,0
DA:394,0
DA:396,0
DA:398,0
DA:399,0
DA:400,0
DA:402,0
DA:403,0
DA:409,0
DA:410,0
DA:413,0
DA:414,0
DA:415,0
DA:416,0
DA:421,0
DA:422,0
DA:423,0
DA:426,0
DA:442,0
DA:456,0
DA:457,0
DA:466,0
DA:467,0
DA:468,0
DA:473,1
DA:474,0
DA:475,0
DA:476,0
DA:478,0
DA:479,0
DA:482,0
DA:483,0
DA:485,0
DA:486,0
DA:487,0
DA:488,0
DA:490,0
DA:491,0
DA:492,0
DA:493,0
DA:497,0
DA:499,0
DA:503,0
DA:504,0
DA:507,0
DA:508,0
DA:511,0
DA:512,0
DA:513,0
DA:518,1
DA:519,0
DA:520,0
DA:521,0
DA:522,0
DA:523,0
DA:525,0
DA:527,0
DA:528,0
DA:530,0
DA:531,0
DA:534,0
DA:535,0
DA:538,0
DA:539,0
DA:542,0
DA:543,0
DA:544,0
DA:550,1
DA:551,0
DA:552,0
DA:554,0
DA:555,0
DA:556,0
DA:557,0
DA:558,0
DA:559,0
DA:561,0
DA:562,0
DA:565,0
DA:566,0
DA:567,0
DA:569,0
DA:573,0
DA:574,0
DA:575,0
DA:576,0
DA:579,0
DA:580,0
DA:582,0
DA:583,0
DA:584,0
DA:585,0
DA:594,0
DA:595,0
DA:596,0
DA:598,0
DA:601,0
DA:602,0
DA:603,0
DA:605,0
DA:607,0
DA:616,0
DA:617,0
DA:619,0
DA:620,0
DA:621,0
DA:622,0
DA:623,0
DA:625,0
DA:626,0
DA:627,0
DA:628,0
DA:629,0
DA:631,0
DA:634,0
DA:641,0
DA:644,0
DA:645,0
DA:646,0
DA:647,0
DA:649,0
DA:650,0
DA:651,0
DA:652,0
DA:654,0
DA:661,0
DA:662,0
DA:663,0
DA:665,0
DA:668,0
DA:669,0
DA:672,0
DA:673,0
DA:676,0
DA:677,0
DA:678,0
LF:307
LH:23
BRDA:20,0,0,0
BRDA:20,0,1,0
BRDA:20,1,0,0
BRDA:20,1,1,0
BRDA:24,2,0,0
BRDA:24,2,1,0
BRDA:24,3,0,0
BRDA:24,3,1,0
BRDA:24,3,2,0
BRDA:24,3,3,0
BRDA:24,3,4,0
BRDA:24,3,5,0
BRDA:49,4,0,0
BRDA:49,5,0,0
BRDA:51,6,0,0
BRDA:51,6,1,0
BRDA:52,7,0,0
BRDA:52,7,1,0
BRDA:53,8,0,0
BRDA:53,8,1,0
BRDA:55,9,0,0
BRDA:55,9,1,0
BRDA:59,10,0,0
BRDA:59,10,1,0
BRDA:62,11,0,0
BRDA:62,11,1,0
BRDA:63,12,0,0
BRDA:63,12,1,0
BRDA:64,13,0,0
BRDA:64,13,1,0
BRDA:65,14,0,0
BRDA:65,14,1,0
BRDA:70,15,0,0
BRDA:72,16,0,0
BRDA:72,16,1,0
BRDA:74,17,0,0
BRDA:74,17,1,0
BRDA:79,18,0,0
BRDA:79,18,1,0
BRDA:81,19,0,0
BRDA:81,19,1,0
BRDA:83,20,0,0
BRDA:83,20,1,0
BRDA:85,21,0,0
BRDA:85,21,1,0
BRDA:86,22,0,0
BRDA:86,22,1,0
BRDA:126,23,0,0
BRDA:126,23,1,0
BRDA:127,24,0,0
BRDA:127,24,1,0
BRDA:128,25,0,0
BRDA:128,25,1,0
BRDA:129,26,0,0
BRDA:129,26,1,0
BRDA:130,27,0,0
BRDA:130,27,1,0
BRDA:131,28,0,0
BRDA:131,28,1,0
BRDA:132,29,0,0
BRDA:132,29,1,0
BRDA:133,30,0,0
BRDA:133,30,1,0
BRDA:134,31,0,0
BRDA:134,31,1,0
BRDA:135,32,0,0
BRDA:135,32,1,0
BRDA:136,33,0,0
BRDA:136,33,1,0
BRDA:137,34,0,0
BRDA:137,34,1,0
BRDA:138,35,0,0
BRDA:138,35,1,0
BRDA:139,36,0,0
BRDA:139,36,1,0
BRDA:139,37,0,0
BRDA:139,37,1,0
BRDA:140,38,0,0
BRDA:140,38,1,0
BRDA:140,39,0,0
BRDA:140,39,1,0
BRDA:141,40,0,0
BRDA:141,40,1,0
BRDA:142,41,0,0
BRDA:142,41,1,0
BRDA:143,42,0,0
BRDA:143,42,1,0
BRDA:144,43,0,0
BRDA:144,43,1,0
BRDA:145,44,0,0
BRDA:145,44,1,0
BRDA:146,45,0,0
BRDA:146,45,1,0
BRDA:147,46,0,0
BRDA:147,46,1,0
BRDA:147,47,0,0
BRDA:147,47,1,0
BRDA:166,48,0,0
BRDA:166,48,1,0
BRDA:167,49,0,0
BRDA:167,49,1,0
BRDA:167,50,0,0
BRDA:167,50,1,0
BRDA:168,51,0,0
BRDA:168,51,1,0
BRDA:168,52,0,0
BRDA:168,52,1,0
BRDA:168,52,2,0
BRDA:168,52,3,0
BRDA:168,52,4,0
BRDA:168,52,5,0
BRDA:168,52,6,0
BRDA:168,52,7,0
BRDA:168,52,8,0
BRDA:168,52,9,0
BRDA:168,52,10,0
BRDA:188,53,0,0
BRDA:188,53,1,0
BRDA:189,54,0,0
BRDA:189,54,1,0
BRDA:190,55,0,0
BRDA:190,55,1,0
BRDA:196,56,0,0
BRDA:196,56,1,0
BRDA:214,57,0,0
BRDA:214,57,1,0
BRDA:217,58,0,0
BRDA:217,58,1,0
BRDA:229,59,0,0
BRDA:229,59,1,0
BRDA:235,60,0,0
BRDA:235,60,1,0
BRDA:236,61,0,0
BRDA:236,61,1,0
BRDA:237,62,0,0
BRDA:237,62,1,0
BRDA:238,63,0,0
BRDA:238,63,1,0
BRDA:239,64,0,0
BRDA:239,64,1,0
BRDA:240,65,0,0
BRDA:240,65,1,0
BRDA:241,66,0,0
BRDA:241,66,1,0
BRDA:242,67,0,0
BRDA:242,67,1,0
BRDA:243,68,0,0
BRDA:243,68,1,0
BRDA:244,69,0,0
BRDA:244,69,1,0
BRDA:245,70,0,0
BRDA:245,70,1,0
BRDA:246,71,0,0
BRDA:246,71,1,0
BRDA:247,72,0,0
BRDA:247,72,1,0
BRDA:248,73,0,0
BRDA:248,73,1,0
BRDA:248,74,0,0
BRDA:248,74,1,0
BRDA:249,75,0,0
BRDA:249,75,1,0
BRDA:249,76,0,0
BRDA:249,76,1,0
BRDA:250,77,0,0
BRDA:250,77,1,0
BRDA:251,78,0,0
BRDA:251,78,1,0
BRDA:252,79,0,0
BRDA:252,79,1,0
BRDA:253,80,0,0
BRDA:253,80,1,0
BRDA:254,81,0,0
BRDA:254,81,1,0
BRDA:255,82,0,0
BRDA:255,82,1,0
BRDA:256,83,0,0
BRDA:256,83,1,0
BRDA:256,84,0,0
BRDA:256,84,1,0
BRDA:264,85,0,0
BRDA:264,85,1,0
BRDA:264,86,0,0
BRDA:264,86,1,0
BRDA:264,86,2,0
BRDA:266,87,0,0
BRDA:266,87,1,0
BRDA:268,88,0,0
BRDA:268,88,1,0
BRDA:273,89,0,0
BRDA:273,89,1,0
BRDA:275,90,0,0
BRDA:275,90,1,0
BRDA:295,91,0,0
BRDA:295,91,1,0
BRDA:296,92,0,0
BRDA:296,92,1,0
BRDA:314,93,0,0
BRDA:314,93,1,0
BRDA:339,94,0,0
BRDA:339,94,1,0
BRDA:340,95,0,0
BRDA:340,95,1,0
BRDA:346,96,0,0
BRDA:346,96,1,0
BRDA:349,97,0,0
BRDA:349,97,1,0
BRDA:355,98,0,0
BRDA:355,98,1,0
BRDA:356,99,0,0
BRDA:356,99,1,0
BRDA:376,100,0,0
BRDA:376,100,1,0
BRDA:394,101,0,0
BRDA:394,102,0,0
BRDA:394,103,0,0
BRDA:396,104,0,0
BRDA:396,104,1,0
BRDA:402,105,0,0
BRDA:402,105,1,0
BRDA:402,106,0,0
BRDA:402,106,1,0
BRDA:409,107,0,0
BRDA:409,107,1,0
BRDA:409,108,0,0
BRDA:409,108,1,0
BRDA:413,109,0,0
BRDA:413,109,1,0
BRDA:415,110,0,0
BRDA:415,110,1,0
BRDA:421,111,0,0
BRDA:421,111,1,0
BRDA:422,112,0,0
BRDA:422,112,1,0
BRDA:451,113,0,0
BRDA:451,113,1,0
BRDA:476,114,0,0
BRDA:476,114,1,0
BRDA:478,115,0,0
BRDA:478,115,1,0
BRDA:483,116,0,0
BRDA:483,116,1,0
BRDA:490,117,0,0
BRDA:490,117,1,0
BRDA:492,118,0,0
BRDA:492,118,1,0
BRDA:503,119,0,0
BRDA:503,119,1,0
BRDA:521,120,0,0
BRDA:521,120,1,0
BRDA:522,121,0,0
BRDA:522,121,1,0
BRDA:525,122,0,0
BRDA:525,122,1,0
BRDA:528,123,0,0
BRDA:528,123,1,0
BRDA:534,124,0,0
BRDA:534,124,1,0
BRDA:534,125,0,0
BRDA:534,125,1,0
BRDA:550,126,0,0
BRDA:551,127,0,0
BRDA:551,127,1,0
BRDA:552,128,0,0
BRDA:552,128,1,0
BRDA:555,129,0,0
BRDA:555,129,1,0
BRDA:556,130,0,0
BRDA:556,130,1,0
BRDA:557,131,0,0
BRDA:557,131,1,0
BRDA:558,132,0,0
BRDA:558,132,1,0
BRDA:558,133,0,0
BRDA:558,133,1,0
BRDA:561,134,0,0
BRDA:561,134,1,0
BRDA:566,135,0,0
BRDA:566,135,1,0
BRDA:567,136,0,0
BRDA:567,136,1,0
BRDA:573,137,0,0
BRDA:573,137,1,0
BRDA:574,138,0,0
BRDA:574,138,1,0
BRDA:575,139,0,0
BRDA:575,139,1,0
BRDA:575,140,0,0
BRDA:575,140,1,0
BRDA:580,141,0,0
BRDA:580,141,1,0
BRDA:583,142,0,0
BRDA:583,142,1,0
BRDA:583,143,0,0
BRDA:583,143,1,0
BRDA:585,144,0,0
BRDA:585,144,1,0
BRDA:595,145,0,0
BRDA:595,145,1,0
BRDA:602,146,0,0
BRDA:602,146,1,0
BRDA:602,147,0,0
BRDA:602,147,1,0
BRDA:602,147,2,0
BRDA:602,147,3,0
BRDA:602,147,4,0
BRDA:602,147,5,0
BRDA:621,148,0,0
BRDA:621,148,1,0
BRDA:621,149,0,0
BRDA:621,149,1,0
BRDA:621,149,2,0
BRDA:621,149,3,0
BRDA:623,150,0,0
BRDA:623,150,1,0
BRDA:623,151,0,0
BRDA:623,151,1,0
BRDA:626,152,0,0
BRDA:626,152,1,0
BRDA:626,153,0,0
BRDA:626,153,1,0
BRDA:629,154,0,0
BRDA:629,154,1,0
BRDA:647,155,0,0
BRDA:647,155,1,0
BRDA:651,156,0,0
BRDA:651,156,1,0
BRDA:652,157,0,0
BRDA:652,157,1,0
BRDA:662,158,0,0
BRDA:662,158,1,0
BRDA:662,159,0,0
BRDA:662,159,1,0
BRDA:662,159,2,0
BRDA:668,160,0,0
BRDA:668,160,1,0
BRDA:668,161,0,0
BRDA:668,161,1,0
BRF:338
BRH:0
end_of_record
TN:
SF:src\services\tutor.services.js
FN:11,(anonymous_0)
FN:22,(anonymous_1)
FN:33,(anonymous_2)
FN:49,(anonymous_3)
FN:80,(anonymous_4)
FN:93,(anonymous_5)
FN:113,(anonymous_6)
FN:171,(anonymous_7)
FN:201,(anonymous_8)
FN:230,(anonymous_9)
FN:252,(anonymous_10)
FN:253,(anonymous_11)
FN:330,(anonymous_12)
FN:331,(anonymous_13)
FN:357,(anonymous_14)
FN:397,(anonymous_15)
FN:399,(anonymous_16)
FN:400,(anonymous_17)
FN:431,(anonymous_18)
FN:468,(anonymous_19)
FN:517,(anonymous_20)
FN:545,(anonymous_21)
FN:555,(anonymous_22)
FNF:23
FNH:0
FNDA:0,(anonymous_0)
FNDA:0,(anonymous_1)
FNDA:0,(anonymous_2)
FNDA:0,(anonymous_3)
FNDA:0,(anonymous_4)
FNDA:0,(anonymous_5)
FNDA:0,(anonymous_6)
FNDA:0,(anonymous_7)
FNDA:0,(anonymous_8)
FNDA:0,(anonymous_9)
FNDA:0,(anonymous_10)
FNDA:0,(anonymous_11)
FNDA:0,(anonymous_12)
FNDA:0,(anonymous_13)
FNDA:0,(anonymous_14)
FNDA:0,(anonymous_15)
FNDA:0,(anonymous_16)
FNDA:0,(anonymous_17)
FNDA:0,(anonymous_18)
FNDA:0,(anonymous_19)
FNDA:0,(anonymous_20)
FNDA:0,(anonymous_21)
FNDA:0,(anonymous_22)
DA:3,1
DA:4,1
DA:5,1
DA:6,1
DA:7,1
DA:8,1
DA:9,1
DA:11,1
DA:12,0
DA:13,0
DA:15,0
DA:16,0
DA:17,0
DA:19,0
DA:22,1
DA:23,0
DA:24,0
DA:26,0
DA:27,0
DA:28,0
DA:30,0
DA:33,1
DA:34,0
DA:38,0
DA:39,0
DA:41,0
DA:42,0
DA:43,0
DA:44,0
DA:49,1
DA:53,0
DA:55,0
DA:57,0
DA:58,0
DA:59,0
DA:60,0
DA:61,0
DA:62,0
DA:63,0
DA:64,0
DA:65,0
DA:66,0
DA:67,0
DA:68,0
DA:69,0
DA:72,0
DA:75,0
DA:77,0
DA:80,0
DA:88,0
DA:93,1
DA:94,0
DA:99,0
DA:100,0
DA:101,0
DA:102,0
DA:103,0
DA:105,0
DA:113,1
DA:114,0
DA:115,0
DA:119,0
DA:122,0
DA:123,0
DA:127,0
DA:130,0
DA:131,0
DA:134,0
DA:135,0
DA:138,0
DA:147,0
DA:164,0
DA:170,0
DA:171,0
DA:179,0
DA:183,0
DA:190,0
DA:191,0
DA:194,0
DA:195,0
DA:196,0
DA:201,1
DA:202,0
DA:203,0
DA:205,0
DA:208,0
DA:209,0
DA:210,0
DA:214,0
DA:217,0
DA:219,0
DA:220,0
DA:223,0
DA:224,0
DA:225,0
DA:230,1
DA:231,0
DA:232,0
DA:233,0
DA:235,0
DA:248,0
DA:251,0
DA:252,0
DA:253,0
DA:254,0
DA:256,0
DA:257,0
DA:258,0
DA:260,0
DA:269,0
DA:278,0
DA:286,0
DA:287,0
DA:288,0
DA:290,0
DA:298,0
DA:305,0
DA:306,0
DA:330,0
DA:331,0
DA:350,0
DA:351,0
DA:352,0
DA:357,1
DA:358,0
DA:359,0
DA:360,0
DA:362,0
DA:364,0
DA:365,0
DA:366,0
DA:368,0
DA:369,0
DA:375,0
DA:376,0
DA:377,0
DA:380,0
DA:397,0
DA:398,0
DA:399,0
DA:400,0
DA:402,0
DA:414,0
DA:415,0
DA:424,0
DA:425,0
DA:426,0
DA:431,1
DA:432,0
DA:433,0
DA:434,0
DA:436,0
DA:437,0
DA:440,0
DA:441,0
DA:443,0
DA:444,0
DA:445,0
DA:448,0
DA:454,0
DA:455,0
DA:457,0
DA:458,0
DA:461,0
DA:462,0
DA:463,0
DA:468,1
DA:469,0
DA:470,0
DA:471,0
DA:472,0
DA:474,0
DA:477,0
DA:478,0
DA:480,0
DA:481,0
DA:483,0
DA:488,0
DA:489,0
DA:492,0
DA:504,0
DA:505,0
DA:506,0
DA:509,0
DA:510,0
DA:511,0
DA:517,1
DA:518,0
DA:519,0
DA:520,0
DA:522,0
DA:524,0
DA:525,0
DA:526,0
DA:532,0
DA:534,0
DA:540,0
DA:541,0
DA:544,0
DA:545,0
DA:548,0
DA:549,0
DA:550,0
DA:555,1
DA:556,0
DA:557,0
DA:558,0
DA:559,0
DA:561,0
DA:562,0
DA:563,0
DA:564,0
DA:568,0
DA:580,0
DA:583,0
DA:584,0
DA:593,0
DA:594,0
DA:597,0
DA:598,0
DA:599,0
DA:601,0
LF:222
LH:20
BRDA:12,0,0,0
BRDA:12,0,1,0
BRDA:12,1,0,0
BRDA:12,1,1,0
BRDA:16,2,0,0
BRDA:16,2,1,0
BRDA:16,3,0,0
BRDA:16,3,1,0
BRDA:16,3,2,0
BRDA:16,3,3,0
BRDA:16,3,4,0
BRDA:16,3,5,0
BRDA:22,4,0,0
BRDA:23,5,0,0
BRDA:23,5,1,0
BRDA:27,6,0,0
BRDA:27,6,1,0
BRDA:33,7,0,0
BRDA:38,8,0,0
BRDA:38,8,1,0
BRDA:39,9,0,0
BRDA:39,9,1,0
BRDA:41,10,0,0
BRDA:41,10,1,0
BRDA:43,11,0,0
BRDA:43,11,1,0
BRDA:57,12,0,0
BRDA:57,12,1,0
BRDA:58,13,0,0
BRDA:58,13,1,0
BRDA:59,14,0,0
BRDA:59,14,1,0
BRDA:60,15,0,0
BRDA:60,15,1,0
BRDA:61,16,0,0
BRDA:61,16,1,0
BRDA:62,17,0,0
BRDA:62,17,1,0
BRDA:63,18,0,0
BRDA:63,18,1,0
BRDA:64,19,0,0
BRDA:64,19,1,0
BRDA:65,20,0,0
BRDA:65,20,1,0
BRDA:66,21,0,0
BRDA:66,21,1,0
BRDA:67,22,0,0
BRDA:67,22,1,0
BRDA:68,23,0,0
BRDA:68,23,1,0
BRDA:68,24,0,0
BRDA:68,24,1,0
BRDA:75,25,0,0
BRDA:75,25,1,0
BRDA:99,26,0,0
BRDA:99,26,1,0
BRDA:100,27,0,0
BRDA:100,27,1,0
BRDA:100,28,0,0
BRDA:100,28,1,0
BRDA:102,29,0,0
BRDA:102,29,1,0
BRDA:103,30,0,0
BRDA:103,30,1,0
BRDA:122,31,0,0
BRDA:122,31,1,0
BRDA:122,32,0,0
BRDA:122,32,1,0
BRDA:122,32,2,0
BRDA:122,32,3,0
BRDA:122,32,4,0
BRDA:122,32,5,0
BRDA:122,32,6,0
BRDA:122,32,7,0
BRDA:122,32,8,0
BRDA:122,32,9,0
BRDA:122,32,10,0
BRDA:131,33,0,0
BRDA:131,33,1,0
BRDA:170,34,0,0
BRDA:170,34,1,0
BRDA:170,35,0,0
BRDA:170,35,1,0
BRDA:209,36,0,0
BRDA:209,36,1,0
BRDA:209,37,0,0
BRDA:209,37,1,0
BRDA:233,38,0,0
BRDA:233,38,1,0
BRDA:248,39,0,0
BRDA:248,39,1,0
BRDA:251,40,0,0
BRDA:251,40,1,0
BRDA:260,41,0,0
BRDA:260,41,1,0
BRDA:269,42,0,0
BRDA:269,42,1,0
BRDA:344,43,0,0
BRDA:344,43,1,0
BRDA:360,44,0,0
BRDA:360,45,0,0
BRDA:360,46,0,0
BRDA:362,47,0,0
BRDA:362,47,1,0
BRDA:368,48,0,0
BRDA:368,48,1,0
BRDA:368,49,0,0
BRDA:368,49,1,0
BRDA:375,50,0,0
BRDA:375,50,1,0
BRDA:376,51,0,0
BRDA:376,51,1,0
BRDA:376,52,0,0
BRDA:376,52,1,0
BRDA:398,53,0,0
BRDA:398,53,1,0
BRDA:434,54,0,0
BRDA:434,54,1,0
BRDA:437,55,0,0
BRDA:437,55,1,0
BRDA:471,56,0,0
BRDA:471,56,1,0
BRDA:472,57,0,0
BRDA:472,57,1,0
BRDA:472,58,0,0
BRDA:472,58,1,0
BRDA:478,59,0,0
BRDA:478,59,1,0
BRDA:481,60,0,0
BRDA:481,60,1,0
BRDA:488,61,0,0
BRDA:488,61,1,0
BRDA:522,62,0,0
BRDA:522,62,1,0
BRDA:525,63,0,0
BRDA:525,63,1,0
BRDA:540,64,0,0
BRDA:540,64,1,0
BRDA:540,65,0,0
BRDA:540,65,1,0
BRDA:555,66,0,0
BRDA:556,67,0,0
BRDA:556,67,1,0
BRDA:559,68,0,0
BRDA:559,68,1,0
BRDA:561,69,0,0
BRDA:561,69,1,0
BRDA:561,70,0,0
BRDA:561,70,1,0
BRDA:561,70,2,0
BRDA:563,71,0,0
BRDA:563,71,1,0
BRDA:580,72,0,0
BRDA:580,72,1,0
BRDA:583,73,0,0
BRDA:583,73,1,0
BRDA:583,74,0,0
BRDA:583,74,1,0
BRDA:593,75,0,0
BRDA:593,75,1,0
BRDA:597,76,0,0
BRDA:597,76,1,0
BRDA:601,77,0,0
BRDA:601,77,1,0
BRF:164
BRH:0
end_of_record
TN:
SF:src\services\user.services.js
FN:12,(anonymous_0)
FN:20,(anonymous_1)
FN:66,(anonymous_2)
FN:113,(anonymous_3)
FN:136,(anonymous_4)
FN:162,(anonymous_5)
FN:206,(anonymous_6)
FN:250,(anonymous_7)
FN:291,(anonymous_8)
FN:331,(anonymous_9)
FN:357,(anonymous_10)
FN:409,(anonymous_11)
FN:443,(anonymous_12)
FN:505,(anonymous_13)
FNF:14
FNH:11
FNDA:3,(anonymous_0)
FNDA:2,(anonymous_1)
FNDA:4,(anonymous_2)
FNDA:3,(anonymous_3)
FNDA:3,(anonymous_4)
FNDA:1,(anonymous_5)
FNDA:1,(anonymous_6)
FNDA:3,(anonymous_7)
FNDA:4,(anonymous_8)
FNDA:0,(anonymous_9)
FNDA:1,(anonymous_10)
FNDA:0,(anonymous_11)
FNDA:3,(anonymous_12)
FNDA:0,(anonymous_13)
DA:1,1
DA:2,1
DA:3,1
DA:4,1
DA:5,1
DA:6,1
DA:7,1
DA:8,1
DA:9,1
DA:12,1
DA:13,3
DA:14,3
DA:20,1
DA:21,2
DA:22,2
DA:23,2
DA:24,2
DA:25,2
DA:27,2
DA:28,2
DA:30,0
DA:32,0
DA:43,0
DA:45,0
DA:56,0
DA:57,0
DA:59,2
DA:60,2
DA:61,2
DA:66,1
DA:67,4
DA:68,4
DA:69,4
DA:70,4
DA:71,4
DA:73,3
DA:74,3
DA:76,0
DA:77,0
DA:79,0
DA:80,0
DA:83,0
DA:84,0
DA:85,0
DA:87,0
DA:97,0
DA:98,0
DA:106,4
DA:107,4
DA:108,4
DA:113,1
DA:114,3
DA:115,3
DA:116,3
DA:118,2
DA:123,2
DA:124,2
DA:129,1
DA:130,1
DA:131,1
DA:136,1
DA:137,3
DA:138,3
DA:139,3
DA:141,2
DA:142,2
DA:143,2
DA:144,2
DA:147,0
DA:152,0
DA:153,0
DA:155,1
DA:156,1
DA:157,1
DA:162,1
DA:163,1
DA:164,0
DA:165,0
DA:166,0
DA:185,0
DA:186,0
DA:187,0
DA:199,0
DA:200,0
DA:201,0
DA:206,1
DA:207,1
DA:208,0
DA:209,0
DA:210,0
DA:211,0
DA:213,0
DA:215,0
DA:217,0
DA:218,0
DA:225,0
DA:228,0
DA:229,0
DA:230,0
DA:231,0
DA:232,0
DA:234,0
DA:236,0
DA:237,0
DA:243,0
DA:244,0
DA:245,0
DA:250,1
DA:251,3
DA:252,3
DA:253,3
DA:254,3
DA:257,0
DA:259,0
DA:260,0
DA:262,0
DA:263,0
DA:265,0
DA:273,0
DA:274,0
DA:281,0
DA:282,0
DA:284,3
DA:285,3
DA:286,3
DA:291,1
DA:292,4
DA:293,4
DA:294,4
DA:295,3
DA:297,2
DA:299,2
DA:309,2
DA:311,0
DA:312,0
DA:321,0
DA:322,0
DA:324,4
DA:325,4
DA:326,4
DA:331,1
DA:332,0
DA:333,0
DA:334,0
DA:335,0
DA:336,0
DA:338,0
DA:339,0
DA:341,0
DA:342,0
DA:344,0
DA:345,0
DA:347,0
DA:348,0
DA:350,0
DA:351,0
DA:352,0
DA:357,1
DA:358,1
DA:359,1
DA:360,1
DA:365,1
DA:370,1
DA:375,0
DA:383,0
DA:391,0
DA:406,0
DA:407,0
DA:409,0
DA:423,0
DA:424,0
DA:436,1
DA:437,1
DA:438,1
DA:443,1
DA:444,3
DA:445,3
DA:446,3
DA:447,3
DA:449,2
DA:450,1
DA:452,1
DA:453,0
DA:454,0
DA:456,0
DA:467,0
DA:468,0
DA:469,0
DA:472,0
DA:473,0
DA:475,0
DA:484,0
DA:485,0
DA:498,3
DA:499,3
DA:500,3
DA:505,1
DA:506,0
DA:507,0
DA:508,0
DA:509,0
DA:511,0
DA:513,0
DA:514,0
DA:515,0
DA:516,0
DA:517,0
DA:521,0
DA:523,0
DA:524,0
DA:526,0
DA:527,0
DA:528,0
LF:213
LH:100
BRDA:13,0,0,3
BRDA:13,0,1,0
BRDA:13,1,0,3
BRDA:13,1,1,3
BRDA:13,1,2,0
BRDA:23,2,0,0
BRDA:23,2,1,2
BRDA:23,3,0,2
BRDA:23,3,1,2
BRDA:24,4,0,0
BRDA:24,4,1,2
BRDA:24,5,0,2
BRDA:24,5,1,2
BRDA:24,5,2,2
BRDA:25,6,0,0
BRDA:25,6,1,2
BRDA:25,7,0,2
BRDA:25,7,1,2
BRDA:25,7,2,2
BRDA:28,8,0,2
BRDA:28,8,1,0
BRDA:51,9,0,0
BRDA:51,9,1,0
BRDA:70,10,0,0
BRDA:70,10,1,4
BRDA:70,11,0,4
BRDA:70,11,1,4
BRDA:71,12,0,1
BRDA:71,12,1,3
BRDA:71,13,0,4
BRDA:71,13,1,3
BRDA:74,14,0,3
BRDA:74,14,1,0
BRDA:77,15,0,0
BRDA:77,15,1,0
BRDA:79,16,0,0
BRDA:79,16,1,0
BRDA:90,17,0,0
BRDA:90,17,1,0
BRDA:91,18,0,0
BRDA:91,18,1,0
BRDA:116,19,0,1
BRDA:116,19,1,2
BRDA:125,20,0,2
BRDA:125,20,1,0
BRDA:126,21,0,2
BRDA:126,21,1,0
BRDA:139,22,0,1
BRDA:139,22,1,2
BRDA:142,23,0,2
BRDA:142,23,1,0
BRDA:185,24,0,0
BRDA:185,24,1,0
BRDA:211,25,0,0
BRDA:211,25,1,0
BRDA:215,26,0,0
BRDA:215,26,1,0
BRDA:215,27,0,0
BRDA:215,27,1,0
BRDA:217,28,0,0
BRDA:217,28,1,0
BRDA:217,29,0,0
BRDA:217,29,1,0
BRDA:225,30,0,0
BRDA:225,30,1,0
BRDA:229,31,0,0
BRDA:229,31,1,0
BRDA:230,32,0,0
BRDA:230,32,1,0
BRDA:231,33,0,0
BRDA:231,33,1,0
BRDA:231,34,0,0
BRDA:231,34,1,0
BRDA:253,35,0,3
BRDA:253,35,1,0
BRDA:253,36,0,3
BRDA:253,36,1,0
BRDA:257,37,0,0
BRDA:257,37,1,0
BRDA:257,38,0,0
BRDA:257,38,1,0
BRDA:257,38,2,0
BRDA:260,39,0,0
BRDA:260,39,1,0
BRDA:294,40,0,1
BRDA:294,40,1,3
BRDA:294,41,0,4
BRDA:294,41,1,3
BRDA:295,42,0,1
BRDA:295,42,1,2
BRDA:295,43,0,3
BRDA:295,43,1,3
BRDA:295,43,2,3
BRDA:309,44,0,2
BRDA:309,44,1,0
BRDA:336,45,0,0
BRDA:336,45,1,0
BRDA:338,46,0,0
BRDA:338,46,1,0
BRDA:338,47,0,0
BRDA:338,47,1,0
BRDA:339,48,0,0
BRDA:339,48,1,0
BRDA:339,49,0,0
BRDA:339,49,1,0
BRDA:339,49,2,0
BRDA:342,50,0,0
BRDA:342,50,1,0
BRDA:406,51,0,0
BRDA:406,51,1,0
BRDA:407,52,0,0
BRDA:407,52,1,0
BRDA:418,53,0,0
BRDA:418,53,1,0
BRDA:447,54,0,1
BRDA:447,54,1,2
BRDA:450,55,0,0
BRDA:450,55,1,1
BRDA:450,56,0,1
BRDA:450,56,1,1
BRDA:454,57,0,0
BRDA:454,57,1,0
BRDA:467,58,0,0
BRDA:467,58,1,0
BRDA:478,59,0,0
BRDA:478,59,1,0
BRDA:479,60,0,0
BRDA:479,60,1,0
BRDA:509,61,0,0
BRDA:509,61,1,0
BRDA:513,62,0,0
BRDA:513,62,1,0
BRDA:513,63,0,0
BRDA:513,63,1,0
BRDA:514,64,0,0
BRDA:514,64,1,0
BRDA:516,65,0,0
BRDA:516,65,1,0
BRF:138
BRH:47
end_of_record
TN:
SF:src\utils\AppError.js
FN:2,(anonymous_0)
FNF:1
FNH:1
FNDA:20,(anonymous_0)
DA:3,20
DA:4,20
DA:5,20
DA:6,20
DA:7,20
DA:10,1
LF:6
LH:6
BRDA:5,0,0,16
BRDA:5,0,1,4
BRF:2
BRH:2
end_of_record
TN:
SF:src\utils\catchAsync.js
FN:3,(anonymous_0)
FN:4,(anonymous_1)
FN:5,(anonymous_2)
FNF:3
FNH:3
FNDA:33,(anonymous_0)
FNDA:25,(anonymous_1)
FNDA:21,(anonymous_2)
DA:1,1
DA:3,1
DA:4,33
DA:5,25
DA:6,21
LF:5
LH:5
BRF:0
BRH:0
end_of_record
TN:
SF:src\utils\db.js
FN:42,(anonymous_0)
FN:56,(anonymous_1)
FNF:2
FNH:1
FNDA:10,(anonymous_0)
FNDA:0,(anonymous_1)
DA:3,1
DA:5,1
DA:7,1
DA:8,1
DA:24,1
DA:25,1
DA:30,1
DA:31,1
DA:32,1
DA:33,1
DA:34,1
DA:35,1
DA:36,1
DA:37,1
DA:42,1
DA:43,10
DA:44,2
DA:46,8
DA:47,8
DA:48,0
DA:49,0
DA:51,0
DA:56,1
DA:57,0
DA:59,0
DA:60,0
DA:63,0
DA:64,0
DA:68,0
DA:69,0
DA:71,0
DA:72,0
DA:76,1
LF:33
LH:21
BRDA:15,0,0,1
BRDA:15,0,1,0
BRDA:16,1,0,0
BRDA:16,1,1,1
BRDA:43,2,0,2
BRDA:43,2,1,8
BRDA:43,3,0,10
BRDA:43,3,1,9
BRDA:46,4,0,8
BRDA:46,4,1,0
BRDA:46,5,0,8
BRDA:46,5,1,8
BRDA:48,6,0,0
BRDA:48,6,1,0
BRDA:59,7,0,0
BRDA:59,7,1,0
BRDA:59,8,0,0
BRDA:59,8,1,0
BRDA:59,8,2,0
BRF:19
BRH:9
end_of_record
TN:
SF:src\utils\genratetoken.js
FN:4,(anonymous_0)
FN:12,(anonymous_1)
FNF:2
FNH:2
FNDA:15,(anonymous_0)
FNDA:2,(anonymous_1)
DA:1,1
DA:2,1
DA:4,1
DA:5,15
DA:9,15
DA:12,1
DA:13,2
DA:15,1
LF:8
LH:8
BRF:0
BRH:0
end_of_record
TN:
SF:src\utils\mailer.js
FNF:0
FNH:0
DA:1,0
DA:3,0
DA:14,0
LF:3
LH:0
BRF:0
BRH:0
end_of_record
TN:
SF:src\utils\notification.js
FN:4,(anonymous_0)
FN:9,(anonymous_1)
FNF:2
FNH:0
FNDA:0,(anonymous_0)
FNDA:0,(anonymous_1)
DA:1,0
DA:2,0
DA:4,0
DA:5,0
DA:6,0
DA:9,0
DA:10,0
DA:11,0
DA:19,0
DA:23,0
LF:10
LH:0
BRDA:6,0,0,0
BRDA:6,0,1,0
BRDA:9,1,0,0
BRF:3
BRH:0
end_of_record
TN:
SF:src\utils\randompassword.js
FN:3,(anonymous_0)
FNF:1
FNH:0
FNDA:0,(anonymous_0)
DA:1,0
DA:3,0
DA:4,0
DA:13,0
DA:16,0
LF:5
LH:0
BRF:0
BRH:0
end_of_record
TN:
SF:src\utils\razerpaysetup.js
FNF:0
FNH:0
DA:1,0
DA:3,0
DA:8,0
LF:3
LH:0
BRF:0
BRH:0
end_of_record
TN:
SF:src\validations\slot.validations.js
FN:31,(anonymous_0)
FN:74,(anonymous_1)
FNF:2
FNH:0
FNDA:0,(anonymous_0)
FNDA:0,(anonymous_1)
DA:1,0
DA:3,0
DA:31,0
DA:40,0
DA:74,0
DA:82,0
LF:6
LH:0
BRDA:31,0,0,0
BRDA:31,0,1,0
BRDA:74,1,0,0
BRDA:74,1,1,0
BRF:4
BRH:0
end_of_record
TN:
SF:src\validations\students.validations.js
FN:39,(anonymous_0)
FN:45,(anonymous_1)
FNF:2
FNH:0
FNDA:0,(anonymous_0)
FNDA:0,(anonymous_1)
DA:1,1
DA:4,1
DA:40,0
DA:41,0
DA:42,0
DA:43,0
DA:45,0
DA:46,0
DA:49,0
DA:69,1
DA:102,1
LF:11
LH:4
BRDA:40,0,0,0
BRDA:40,0,1,0
BRDA:40,1,0,0
BRDA:40,1,1,0
BRDA:42,2,0,0
BRDA:42,2,1,0
BRDA:42,3,0,0
BRDA:42,3,1,0
BRDA:45,4,0,0
BRDA:45,4,1,0
BRDA:45,5,0,0
BRDA:45,5,1,0
BRDA:45,6,0,0
BRDA:45,6,1,0
BRF:14
BRH:0
end_of_record
TN:
SF:src\validations\tutor.validations.js
FNF:0
FNH:0
DA:1,1
DA:3,1
LF:2
LH:2
BRF:0
BRH:0
end_of_record
TN:
SF:src\validations\users.validation.js
FNF:0
FNH:0
DA:1,1
DA:2,1
DA:4,1
DA:16,1
LF:4
LH:4
BRF:0
BRH:0
end_of_record
