TN:
SF:src\constants\sequelizetableconstants.js
FNF:0
FNH:0
DA:2,15
DA:12,15
DA:19,15
DA:26,15
DA:31,15
DA:37,15
LF:6
LH:6
BRF:0
BRH:0
end_of_record
TN:
SF:src\controllers\report.controllers.js
FN:4,(anonymous_0)
FN:13,(anonymous_1)
FNF:2
FNH:2
FNDA:1,(anonymous_0)
FNDA:2,(anonymous_1)
DA:1,6
DA:2,6
DA:4,6
DA:5,1
DA:6,1
DA:7,1
DA:13,6
DA:14,2
DA:15,2
DA:16,1
LF:10
LH:10
BRF:0
BRH:0
end_of_record
TN:
SF:src\controllers\slot.controllers.js
FN:27,(anonymous_0)
FN:31,(anonymous_1)
FN:36,(anonymous_2)
FN:42,(anonymous_3)
FN:48,(anonymous_4)
FN:54,(anonymous_5)
FN:60,(anonymous_6)
FN:66,(anonymous_7)
FN:73,(anonymous_8)
FN:79,(anonymous_9)
FN:85,(anonymous_10)
FN:91,(anonymous_11)
FN:97,(anonymous_12)
FNF:13
FNH:13
FNDA:1,(anonymous_0)
FNDA:1,(anonymous_1)
FNDA:1,(anonymous_2)
FNDA:1,(anonymous_3)
FNDA:1,(anonymous_4)
FNDA:1,(anonymous_5)
FNDA:1,(anonymous_6)
FNDA:1,(anonymous_7)
FNDA:1,(anonymous_8)
FNDA:1,(anonymous_9)
FNDA:1,(anonymous_10)
FNDA:1,(anonymous_11)
FNDA:1,(anonymous_12)
DA:16,6
DA:20,6
DA:23,6
DA:24,6
DA:27,6
DA:28,1
DA:29,1
DA:31,6
DA:32,1
DA:33,1
DA:36,6
DA:37,1
DA:38,1
DA:42,6
DA:43,1
DA:44,1
DA:48,6
DA:49,1
DA:50,1
DA:54,6
DA:55,1
DA:56,1
DA:60,6
DA:61,1
DA:62,1
DA:66,6
DA:67,1
DA:68,1
DA:69,1
DA:73,6
DA:74,1
DA:75,1
DA:79,6
DA:80,1
DA:81,1
DA:85,6
DA:86,1
DA:87,1
DA:91,6
DA:92,1
DA:93,1
DA:97,6
DA:98,1
DA:99,1
LF:44
LH:44
BRDA:68,0,0,0
BRDA:68,0,1,1
BRF:2
BRH:1
end_of_record
TN:
SF:src\controllers\student.controllers.js
FN:20,(anonymous_0)
FN:26,(anonymous_1)
FN:32,(anonymous_2)
FN:38,(anonymous_3)
FN:44,(anonymous_4)
FN:50,(anonymous_5)
FN:77,(anonymous_6)
FN:84,(anonymous_7)
FN:90,(anonymous_8)
FN:97,(anonymous_9)
FN:103,(anonymous_10)
FNF:11
FNH:11
FNDA:1,(anonymous_0)
FNDA:1,(anonymous_1)
FNDA:1,(anonymous_2)
FNDA:1,(anonymous_3)
FNDA:1,(anonymous_4)
FNDA:2,(anonymous_5)
FNDA:1,(anonymous_6)
FNDA:1,(anonymous_7)
FNDA:1,(anonymous_8)
FNDA:1,(anonymous_9)
FNDA:1,(anonymous_10)
DA:1,6
DA:13,6
DA:14,6
DA:15,6
DA:16,6
DA:17,6
DA:20,6
DA:21,1
DA:22,1
DA:26,6
DA:27,1
DA:28,1
DA:32,6
DA:33,1
DA:34,1
DA:38,6
DA:39,1
DA:40,1
DA:44,6
DA:45,1
DA:46,1
DA:50,6
DA:51,2
DA:53,2
DA:54,0
DA:56,2
DA:59,2
DA:60,2
DA:61,1
DA:66,1
DA:67,1
DA:68,1
DA:70,1
DA:77,6
DA:78,1
DA:79,1
DA:80,1
DA:84,6
DA:85,1
DA:86,1
DA:90,6
DA:91,1
DA:92,1
DA:93,1
DA:97,6
DA:98,1
DA:99,1
DA:100,1
DA:103,6
DA:104,1
DA:105,1
LF:51
LH:50
BRDA:53,0,0,0
BRDA:53,0,1,2
BRDA:53,1,0,2
BRDA:53,1,1,2
BRDA:60,2,0,1
BRDA:60,2,1,1
BRDA:66,3,0,1
BRDA:66,3,1,0
BRF:8
BRH:6
end_of_record
TN:
SF:src\controllers\tutor.controllers.js
FN:16,(anonymous_0)
FN:22,(anonymous_1)
FN:28,(anonymous_2)
FN:34,(anonymous_3)
FN:40,(anonymous_4)
FN:45,(anonymous_5)
FN:52,(anonymous_6)
FN:58,(anonymous_7)
FN:64,(anonymous_8)
FNF:9
FNH:9
FNDA:1,(anonymous_0)
FNDA:1,(anonymous_1)
FNDA:1,(anonymous_2)
FNDA:1,(anonymous_3)
FNDA:1,(anonymous_4)
FNDA:1,(anonymous_5)
FNDA:1,(anonymous_6)
FNDA:1,(anonymous_7)
FNDA:1,(anonymous_8)
DA:12,6
DA:13,6
DA:16,6
DA:17,1
DA:18,1
DA:22,6
DA:23,1
DA:24,1
DA:28,6
DA:29,1
DA:30,1
DA:34,6
DA:35,1
DA:36,1
DA:40,6
DA:41,1
DA:42,1
DA:45,6
DA:46,1
DA:47,1
DA:48,1
DA:52,6
DA:53,1
DA:54,1
DA:55,1
DA:58,6
DA:59,1
DA:60,1
DA:64,6
DA:65,1
DA:66,1
DA:67,1
LF:32
LH:32
BRF:0
BRH:0
end_of_record
TN:
SF:src\controllers\user.controllers.js
FN:7,(anonymous_0)
FN:13,(anonymous_1)
FN:19,(anonymous_2)
FN:37,(anonymous_3)
FN:43,(anonymous_4)
FN:49,(anonymous_5)
FN:56,(anonymous_6)
FN:61,(anonymous_7)
FN:68,(anonymous_8)
FN:74,(anonymous_9)
FN:80,(anonymous_10)
FNF:11
FNH:11
FNDA:2,(anonymous_0)
FNDA:1,(anonymous_1)
FNDA:2,(anonymous_2)
FNDA:1,(anonymous_3)
FNDA:1,(anonymous_4)
FNDA:1,(anonymous_5)
FNDA:1,(anonymous_6)
FNDA:1,(anonymous_7)
FNDA:1,(anonymous_8)
FNDA:1,(anonymous_9)
FNDA:1,(anonymous_10)
DA:1,6
DA:2,6
DA:3,6
DA:4,6
DA:7,6
DA:8,2
DA:9,2
DA:13,6
DA:14,1
DA:15,1
DA:19,6
DA:20,2
DA:23,2
DA:26,2
DA:28,1
DA:37,6
DA:38,1
DA:39,1
DA:43,6
DA:44,1
DA:45,1
DA:49,6
DA:50,1
DA:51,1
DA:52,1
DA:56,6
DA:57,1
DA:61,6
DA:62,1
DA:63,1
DA:64,1
DA:68,6
DA:69,1
DA:70,1
DA:74,6
DA:75,1
DA:76,1
DA:80,6
DA:81,1
DA:82,1
DA:83,1
LF:41
LH:41
BRDA:26,0,0,1
BRDA:26,0,1,1
BRF:2
BRH:2
end_of_record
TN:
SF:src\middleware\auth.js
FN:3,(anonymous_0)
FN:22,(anonymous_1)
FN:23,(anonymous_2)
FNF:3
FNH:3
FNDA:4,(anonymous_0)
FNDA:64,(anonymous_1)
FNDA:3,(anonymous_2)
DA:1,2
DA:3,2
DA:4,4
DA:5,4
DA:6,1
DA:10,3
DA:12,3
DA:14,3
DA:15,3
DA:16,3
DA:18,0
DA:22,2
DA:23,64
DA:24,3
DA:25,2
DA:26,2
DA:28,1
LF:17
LH:16
BRDA:5,0,0,1
BRDA:5,0,1,3
BRDA:5,1,0,4
BRDA:5,1,1,3
BRDA:24,2,0,2
BRDA:24,2,1,1
BRF:6
BRH:6
end_of_record
TN:
SF:src\middleware\multer.js
FN:10,(anonymous_0)
FN:13,(anonymous_1)
FN:20,(anonymous_2)
FNF:3
FNH:0
FNDA:0,(anonymous_0)
FNDA:0,(anonymous_1)
FNDA:0,(anonymous_2)
DA:1,4
DA:2,4
DA:3,4
DA:6,4
DA:7,4
DA:9,4
DA:11,0
DA:14,0
DA:15,0
DA:16,0
DA:20,4
DA:21,0
DA:22,0
DA:23,0
DA:24,0
DA:26,0
DA:30,4
DA:32,4
LF:18
LH:9
BRDA:7,0,0,0
BRDA:7,0,1,4
BRDA:23,1,0,0
BRDA:23,1,1,0
BRF:4
BRH:1
end_of_record
TN:
SF:src\middleware\validate.js
FN:10,(anonymous_0)
FNF:1
FNH:1
FNDA:1,(anonymous_0)
DA:3,2
DA:10,2
DA:11,1
DA:12,1
DA:13,0
DA:19,1
DA:23,2
LF:7
LH:6
BRDA:12,0,0,0
BRDA:12,0,1,1
BRF:2
BRH:1
end_of_record
TN:
SF:src\models\availabilitySlot.models.js
FN:4,(anonymous_0)
FN:49,(anonymous_1)
FNF:2
FNH:2
FNDA:9,(anonymous_0)
FNDA:9,(anonymous_1)
DA:1,9
DA:2,9
DA:4,9
DA:5,9
DA:49,9
DA:50,9
DA:56,9
DA:63,9
LF:8
LH:8
BRF:0
BRH:0
end_of_record
TN:
SF:src\models\payment.models.js
FN:4,(anonymous_0)
FN:73,(anonymous_1)
FNF:2
FNH:2
FNDA:9,(anonymous_0)
FNDA:9,(anonymous_1)
DA:1,9
DA:2,9
DA:4,9
DA:5,9
DA:73,9
DA:74,9
DA:75,9
DA:76,9
DA:79,9
LF:9
LH:9
BRF:0
BRH:0
end_of_record
TN:
SF:src\models\slot.models.js
FN:4,(anonymous_0)
FN:69,(anonymous_1)
FNF:2
FNH:2
FNDA:9,(anonymous_0)
FNDA:9,(anonymous_1)
DA:1,9
DA:2,9
DA:4,9
DA:5,9
DA:69,9
DA:70,9
DA:71,9
DA:72,9
DA:75,9
LF:9
LH:9
BRF:0
BRH:0
end_of_record
TN:
SF:src\models\student.models.js
FN:4,(anonymous_0)
FN:166,(anonymous_1)
FNF:2
FNH:2
FNDA:9,(anonymous_0)
FNDA:9,(anonymous_1)
DA:1,9
DA:2,9
DA:4,9
DA:5,9
DA:166,9
DA:167,9
DA:168,9
DA:169,9
DA:170,9
DA:178,9
LF:10
LH:10
BRF:0
BRH:0
end_of_record
TN:
SF:src\models\tutor.models.js
FN:4,(anonymous_0)
FN:85,(anonymous_1)
FNF:2
FNH:2
FNDA:9,(anonymous_0)
FNDA:9,(anonymous_1)
DA:1,9
DA:2,9
DA:4,9
DA:5,9
DA:85,9
DA:86,9
DA:87,9
DA:89,9
DA:97,9
LF:9
LH:9
BRF:0
BRH:0
end_of_record
TN:
SF:src\models\user.models.js
FN:4,(anonymous_0)
FN:65,(anonymous_1)
FNF:2
FNH:2
FNDA:9,(anonymous_0)
FNDA:9,(anonymous_1)
DA:1,9
DA:2,9
DA:4,9
DA:5,9
DA:65,9
DA:66,9
DA:73,9
DA:80,9
DA:81,9
DA:82,9
DA:85,9
LF:11
LH:11
BRF:0
BRH:0
end_of_record
TN:
SF:src\routes\report.routes.js
FNF:0
FNH:0
DA:1,5
DA:2,5
DA:3,5
DA:4,5
DA:5,5
DA:7,5
DA:8,5
DA:10,5
LF:8
LH:8
BRF:0
BRH:0
end_of_record
TN:
SF:src\routes\slot.routes.js
FN:12,(anonymous_0)
FN:52,(anonymous_1)
FN:71,(anonymous_2)
FNF:3
FNH:0
FNDA:0,(anonymous_0)
FNDA:0,(anonymous_1)
FNDA:0,(anonymous_2)
DA:1,5
DA:2,5
DA:3,5
DA:4,5
DA:5,5
DA:6,5
DA:7,5
DA:8,5
DA:9,5
DA:12,5
DA:13,0
DA:14,0
DA:17,0
DA:20,0
DA:21,0
DA:25,0
DA:29,0
DA:30,0
DA:33,0
DA:34,0
DA:37,0
DA:49,0
DA:52,5
DA:53,0
DA:55,0
DA:58,0
DA:71,0
DA:79,0
DA:81,0
DA:86,5
DA:87,5
DA:89,5
DA:90,5
DA:92,5
DA:93,5
DA:94,5
DA:96,5
DA:97,5
DA:99,5
DA:101,5
DA:103,5
DA:104,5
DA:105,5
LF:43
LH:25
BRDA:20,0,0,0
BRDA:20,0,1,0
BRDA:20,1,0,0
BRDA:20,1,1,0
BRDA:29,2,0,0
BRDA:29,2,1,0
BRDA:72,3,0,0
BRDA:72,3,1,0
BRF:8
BRH:0
end_of_record
TN:
SF:src\routes\student.routes.js
FNF:0
FNH:0
DA:1,5
DA:2,5
DA:4,5
DA:5,5
DA:6,5
DA:7,5
DA:8,5
DA:9,5
DA:15,5
DA:16,5
DA:17,5
DA:18,5
DA:19,5
DA:20,5
DA:21,5
DA:22,5
DA:23,5
DA:24,5
DA:25,5
DA:29,5
LF:20
LH:20
BRF:0
BRH:0
end_of_record
TN:
SF:src\routes\tutor.routes.js
FNF:0
FNH:0
DA:1,5
DA:2,5
DA:4,5
DA:5,5
DA:6,5
DA:7,5
DA:8,5
DA:12,5
DA:13,5
DA:14,5
DA:15,5
DA:16,5
DA:17,5
DA:18,5
DA:19,5
DA:20,5
DA:22,5
LF:17
LH:17
BRF:0
BRH:0
end_of_record
TN:
SF:src\routes\user.routes.js
FNF:0
FNH:0
DA:1,5
DA:2,5
DA:4,5
DA:5,5
DA:6,5
DA:7,5
DA:8,5
DA:12,5
DA:18,5
DA:20,5
DA:21,5
DA:22,5
DA:23,5
DA:24,5
DA:25,5
DA:26,5
DA:27,5
DA:28,5
DA:30,5
LF:19
LH:19
BRF:0
BRH:0
end_of_record
TN:
SF:src\services\report.services.js
FN:9,(anonymous_0)
FN:54,(anonymous_1)
FN:82,(anonymous_2)
FN:103,(anonymous_3)
FN:142,(anonymous_4)
FNF:5
FNH:5
FNDA:2,(anonymous_0)
FNDA:3,(anonymous_1)
FNDA:2,(anonymous_2)
FNDA:2,(anonymous_3)
FNDA:3,(anonymous_4)
DA:2,6
DA:3,6
DA:4,6
DA:5,6
DA:6,6
DA:9,6
DA:11,2
DA:14,2
DA:27,2
DA:28,1
DA:32,1
DA:50,1
DA:51,1
DA:52,1
DA:54,1
DA:55,3
DA:56,3
DA:58,3
DA:59,2
DA:68,3
DA:69,3
DA:70,3
DA:72,3
DA:73,2
DA:74,2
DA:76,3
DA:79,1
DA:82,2
DA:83,1
DA:85,1
DA:103,6
DA:109,2
DA:112,2
DA:115,2
DA:116,1
DA:120,1
DA:138,1
DA:139,1
DA:140,1
DA:142,1
DA:143,3
DA:144,3
DA:146,3
DA:147,2
DA:155,3
DA:156,3
DA:157,3
DA:159,3
DA:160,2
DA:161,2
DA:165,1
DA:167,1
DA:169,1
LF:53
LH:53
BRDA:27,0,0,1
BRDA:27,0,1,1
BRDA:56,1,0,3
BRDA:56,1,1,0
BRDA:58,2,0,2
BRDA:58,2,1,1
BRDA:72,3,0,2
BRDA:72,3,1,1
BRDA:76,4,0,3
BRDA:76,4,1,1
BRDA:82,5,0,2
BRDA:82,5,1,0
BRDA:83,6,0,1
BRDA:83,6,1,0
BRDA:115,7,0,1
BRDA:115,7,1,1
BRDA:144,8,0,3
BRDA:144,8,1,0
BRDA:146,9,0,2
BRDA:146,9,1,1
BRDA:159,10,0,2
BRDA:159,10,1,1
BRDA:167,11,0,1
BRDA:167,11,1,0
BRF:24
BRH:19
end_of_record
TN:
SF:src\services\slot.services.js
FN:12,(anonymous_0)
FN:95,(anonymous_1)
FN:177,(anonymous_2)
FN:242,(anonymous_3)
FN:253,(anonymous_4)
FN:353,(anonymous_5)
FN:438,(anonymous_6)
FN:480,(anonymous_7)
FN:535,(anonymous_8)
FN:555,(anonymous_9)
FN:589,(anonymous_10)
FN:646,(anonymous_11)
FN:712,(anonymous_12)
FN:737,(anonymous_13)
FN:794,(anonymous_14)
FN:811,(anonymous_15)
FN:868,(anonymous_16)
FN:884,(anonymous_17)
FNF:18
FNH:17
FNDA:5,(anonymous_0)
FNDA:3,(anonymous_1)
FNDA:3,(anonymous_2)
FNDA:1,(anonymous_3)
FNDA:2,(anonymous_4)
FNDA:2,(anonymous_5)
FNDA:2,(anonymous_6)
FNDA:1,(anonymous_7)
FNDA:1,(anonymous_8)
FNDA:2,(anonymous_9)
FNDA:2,(anonymous_10)
FNDA:1,(anonymous_11)
FNDA:0,(anonymous_12)
FNDA:2,(anonymous_13)
FNDA:1,(anonymous_14)
FNDA:1,(anonymous_15)
FNDA:1,(anonymous_16)
FNDA:1,(anonymous_17)
DA:2,7
DA:3,7
DA:4,7
DA:5,7
DA:6,7
DA:7,7
DA:8,7
DA:9,7
DA:10,7
DA:12,7
DA:20,5
DA:22,5
DA:23,5
DA:24,0
DA:27,5
DA:28,5
DA:29,5
DA:30,5
DA:31,1
DA:33,4
DA:34,1
DA:37,3
DA:39,3
DA:59,3
DA:60,1
DA:63,2
DA:64,2
DA:65,1
DA:68,1
DA:79,1
DA:81,1
DA:87,4
DA:88,4
DA:89,4
DA:91,0
DA:95,7
DA:96,3
DA:97,3
DA:99,3
DA:100,0
DA:110,3
DA:112,3
DA:113,3
DA:114,3
DA:115,3
DA:116,1
DA:119,2
DA:120,2
DA:121,2
DA:122,2
DA:123,2
DA:124,2
DA:125,2
DA:127,2
DA:128,2
DA:129,2
DA:130,2
DA:131,2
DA:133,2
DA:154,2
DA:155,1
DA:159,1
DA:161,1
DA:163,1
DA:169,2
DA:170,2
DA:171,2
DA:173,0
DA:177,7
DA:178,3
DA:184,3
DA:185,3
DA:186,4
DA:187,4
DA:193,4
DA:195,4
DA:196,3
DA:197,1
DA:200,2
DA:204,2
DA:205,0
DA:208,2
DA:212,2
DA:213,0
DA:216,2
DA:217,2
DA:218,2
DA:220,2
DA:221,2
DA:231,2
DA:232,2
DA:239,2
DA:240,2
DA:241,2
DA:242,1
DA:243,1
DA:245,1
DA:246,1
DA:248,0
DA:253,7
DA:260,2
DA:266,2
DA:267,2
DA:273,2
DA:275,2
DA:280,2
DA:281,1
DA:288,1
DA:289,1
DA:290,0
DA:292,1
DA:293,1
DA:294,0
DA:297,1
DA:298,1
DA:299,1
DA:301,1
DA:315,1
DA:321,1
DA:323,1
DA:324,1
DA:325,1
DA:332,1
DA:338,1
DA:345,0
DA:346,0
DA:347,0
DA:349,0
DA:353,7
DA:354,2
DA:355,2
DA:357,2
DA:358,0
DA:360,2
DA:361,0
DA:364,2
DA:365,2
DA:366,2
DA:367,2
DA:368,1
DA:370,1
DA:372,1
DA:377,1
DA:378,0
DA:380,1
DA:381,0
DA:384,1
DA:385,0
DA:388,1
DA:389,0
DA:392,1
DA:393,1
DA:394,0
DA:397,1
DA:398,1
DA:400,1
DA:402,1
DA:410,1
DA:411,1
DA:412,1
DA:419,1
DA:420,1
DA:421,1
DA:428,1
DA:430,1
DA:431,1
DA:432,1
DA:434,0
DA:438,7
DA:439,2
DA:440,2
DA:442,2
DA:443,0
DA:446,2
DA:463,2
DA:464,1
DA:467,1
DA:477,1
DA:480,7
DA:481,1
DA:482,1
DA:484,1
DA:485,0
DA:488,1
DA:489,1
DA:490,1
DA:492,1
DA:493,1
DA:494,1
DA:495,0
DA:497,1
DA:503,1
DA:504,1
DA:507,1
DA:508,1
DA:511,1
DA:535,1
DA:545,1
DA:555,7
DA:556,2
DA:557,2
DA:559,2
DA:560,0
DA:563,2
DA:564,2
DA:565,2
DA:570,2
DA:571,1
DA:574,1
DA:575,1
DA:580,1
DA:581,1
DA:582,1
DA:584,0
DA:589,7
DA:590,2
DA:591,2
DA:593,2
DA:594,0
DA:597,2
DA:598,2
DA:599,2
DA:600,2
DA:601,1
DA:603,1
DA:605,1
DA:617,1
DA:618,0
DA:621,1
DA:623,1
DA:625,1
DA:627,1
DA:628,1
DA:629,1
DA:636,1
DA:638,1
DA:639,1
DA:640,1
DA:642,0
DA:646,7
DA:647,1
DA:648,1
DA:650,1
DA:651,0
DA:654,1
DA:655,1
DA:656,1
DA:657,1
DA:658,0
DA:661,1
DA:662,0
DA:664,1
DA:666,1
DA:671,1
DA:672,1
DA:675,0
DA:680,0
DA:682,0
DA:683,0
DA:684,0
DA:685,0
DA:687,0
DA:692,0
DA:697,0
DA:712,0
DA:721,0
DA:723,0
DA:729,1
DA:730,1
DA:731,1
DA:733,0
DA:737,7
DA:738,2
DA:739,2
DA:741,2
DA:742,0
DA:745,2
DA:746,2
DA:747,0
DA:750,2
DA:751,1
DA:754,1
DA:755,1
DA:756,1
DA:757,0
DA:758,0
DA:760,0
DA:763,1
DA:764,1
DA:765,1
DA:766,0
DA:768,1
DA:774,1
DA:794,1
DA:804,1
DA:811,7
DA:812,1
DA:813,1
DA:815,1
DA:816,0
DA:819,1
DA:820,1
DA:822,1
DA:823,0
DA:826,1
DA:827,0
DA:830,1
DA:831,1
DA:832,0
DA:835,1
DA:842,1
DA:843,0
DA:844,1
DA:845,0
DA:848,1
DA:868,1
DA:878,1
DA:884,7
DA:885,1
DA:886,1
DA:888,1
DA:889,0
DA:892,1
DA:893,0
DA:896,1
DA:897,0
DA:900,1
DA:901,1
DA:902,1
DA:903,1
DA:904,1
DA:906,0
DA:908,0
DA:917,0
DA:918,0
DA:921,0
DA:922,0
DA:925,0
DA:926,0
DA:929,0
DA:930,0
DA:931,0
DA:934,0
DA:942,0
DA:944,0
DA:951,0
DA:952,0
DA:959,0
DA:964,1
DA:965,1
DA:966,1
DA:968,0
LF:352
LH:274
BRDA:18,0,0,5
BRDA:19,1,0,4
BRDA:23,2,0,0
BRDA:23,2,1,5
BRDA:30,3,0,1
BRDA:30,3,1,4
BRDA:33,4,0,1
BRDA:33,4,1,3
BRDA:33,5,0,4
BRDA:33,5,1,3
BRDA:33,5,2,3
BRDA:33,5,3,3
BRDA:59,6,0,1
BRDA:59,6,1,2
BRDA:64,7,0,1
BRDA:64,7,1,1
BRDA:76,8,0,1
BRDA:76,8,1,0
BRDA:88,9,0,4
BRDA:88,9,1,0
BRDA:99,10,0,0
BRDA:99,10,1,3
BRDA:115,11,0,1
BRDA:115,11,1,2
BRDA:120,12,0,2
BRDA:120,12,1,0
BRDA:121,13,0,2
BRDA:121,13,1,0
BRDA:122,14,0,2
BRDA:122,14,1,0
BRDA:123,15,0,2
BRDA:123,15,1,0
BRDA:124,16,0,0
BRDA:124,16,1,2
BRDA:125,17,0,0
BRDA:125,17,1,2
BRDA:127,18,0,2
BRDA:127,18,1,0
BRDA:127,19,0,2
BRDA:127,19,1,0
BRDA:127,19,2,0
BRDA:127,19,3,0
BRDA:128,20,0,2
BRDA:128,20,1,0
BRDA:129,21,0,2
BRDA:129,21,1,0
BRDA:130,22,0,2
BRDA:130,22,1,0
BRDA:131,23,0,2
BRDA:131,23,1,0
BRDA:154,24,0,1
BRDA:154,24,1,1
BRDA:170,25,0,2
BRDA:170,25,1,0
BRDA:196,26,0,1
BRDA:196,26,1,2
BRDA:196,27,0,3
BRDA:196,27,1,3
BRDA:204,28,0,0
BRDA:204,28,1,2
BRDA:212,29,0,0
BRDA:212,29,1,2
BRDA:239,30,0,2
BRDA:239,30,1,0
BRDA:241,31,0,1
BRDA:241,31,1,1
BRDA:241,32,0,2
BRDA:241,32,1,1
BRDA:245,33,0,1
BRDA:245,33,1,0
BRDA:280,34,0,1
BRDA:280,34,1,1
BRDA:289,35,0,0
BRDA:289,35,1,1
BRDA:293,36,0,0
BRDA:293,36,1,1
BRDA:310,37,0,1
BRDA:310,37,1,0
BRDA:324,38,0,1
BRDA:324,38,1,0
BRDA:345,39,0,0
BRDA:345,39,1,0
BRDA:346,40,0,0
BRDA:346,40,1,0
BRDA:357,41,0,0
BRDA:357,41,1,2
BRDA:360,42,0,0
BRDA:360,42,1,2
BRDA:360,43,0,2
BRDA:360,43,1,2
BRDA:367,44,0,1
BRDA:367,44,1,1
BRDA:367,45,0,2
BRDA:367,45,1,2
BRDA:367,45,2,1
BRDA:377,46,0,0
BRDA:377,46,1,1
BRDA:380,47,0,0
BRDA:380,47,1,1
BRDA:384,48,0,0
BRDA:384,48,1,1
BRDA:384,49,0,1
BRDA:384,49,1,1
BRDA:388,50,0,0
BRDA:388,50,1,1
BRDA:393,51,0,0
BRDA:393,51,1,1
BRDA:411,52,0,1
BRDA:411,52,1,0
BRDA:420,53,0,1
BRDA:420,53,1,0
BRDA:431,54,0,1
BRDA:431,54,1,0
BRDA:442,55,0,0
BRDA:442,55,1,2
BRDA:463,56,0,1
BRDA:463,56,1,1
BRDA:473,57,0,1
BRDA:473,57,1,0
BRDA:474,58,0,1
BRDA:474,58,1,0
BRDA:481,59,0,0
BRDA:481,60,0,0
BRDA:481,61,0,0
BRDA:481,62,0,0
BRDA:481,63,0,0
BRDA:484,64,0,0
BRDA:484,64,1,1
BRDA:492,65,0,1
BRDA:492,65,1,0
BRDA:494,66,0,0
BRDA:494,66,1,1
BRDA:503,67,0,1
BRDA:503,67,1,0
BRDA:507,68,0,1
BRDA:507,68,1,0
BRDA:541,69,0,1
BRDA:541,69,1,0
BRDA:542,70,0,0
BRDA:542,70,1,1
BRDA:559,71,0,0
BRDA:559,71,1,2
BRDA:570,72,0,1
BRDA:570,72,1,1
BRDA:581,73,0,1
BRDA:581,73,1,0
BRDA:593,74,0,0
BRDA:593,74,1,2
BRDA:600,75,0,1
BRDA:600,75,1,1
BRDA:600,76,0,2
BRDA:600,76,1,2
BRDA:600,76,2,1
BRDA:617,77,0,0
BRDA:617,77,1,1
BRDA:628,78,0,1
BRDA:628,78,1,0
BRDA:639,79,0,1
BRDA:639,79,1,0
BRDA:650,80,0,0
BRDA:650,80,1,1
BRDA:657,81,0,0
BRDA:657,81,1,1
BRDA:661,82,0,0
BRDA:661,82,1,1
BRDA:661,83,0,1
BRDA:661,83,1,1
BRDA:671,84,0,1
BRDA:671,84,1,0
BRDA:671,85,0,1
BRDA:671,85,1,1
BRDA:680,86,0,0
BRDA:680,86,1,0
BRDA:682,87,0,0
BRDA:682,87,1,0
BRDA:684,88,0,0
BRDA:684,88,1,0
BRDA:718,89,0,0
BRDA:718,89,1,0
BRDA:730,90,0,1
BRDA:730,90,1,0
BRDA:741,91,0,0
BRDA:741,91,1,2
BRDA:746,92,0,0
BRDA:746,92,1,2
BRDA:750,93,0,1
BRDA:750,93,1,1
BRDA:755,94,0,1
BRDA:755,94,1,0
BRDA:757,95,0,0
BRDA:757,95,1,0
BRDA:763,96,0,1
BRDA:763,96,1,0
BRDA:765,97,0,0
BRDA:765,97,1,1
BRDA:800,98,0,1
BRDA:800,98,1,0
BRDA:801,99,0,1
BRDA:801,99,1,0
BRDA:815,100,0,0
BRDA:815,100,1,1
BRDA:822,101,0,0
BRDA:822,101,1,1
BRDA:822,102,0,1
BRDA:822,102,1,1
BRDA:826,103,0,0
BRDA:826,103,1,1
BRDA:831,104,0,0
BRDA:831,104,1,1
BRDA:842,105,0,0
BRDA:842,105,1,1
BRDA:842,106,0,1
BRDA:842,106,1,0
BRDA:844,107,0,0
BRDA:844,107,1,1
BRDA:844,108,0,1
BRDA:844,108,1,0
BRDA:874,109,0,1
BRDA:874,109,1,0
BRDA:875,110,0,1
BRDA:875,110,1,0
BRDA:888,111,0,0
BRDA:888,111,1,1
BRDA:892,112,0,0
BRDA:892,112,1,1
BRDA:896,113,0,0
BRDA:896,113,1,1
BRDA:896,114,0,1
BRDA:896,114,1,1
BRDA:903,115,0,1
BRDA:903,115,1,0
BRDA:903,116,0,1
BRDA:903,116,1,1
BRDA:903,116,2,0
BRDA:917,117,0,0
BRDA:917,117,1,0
BRDA:921,118,0,0
BRDA:921,118,1,0
BRDA:925,119,0,0
BRDA:925,119,1,0
BRDA:930,120,0,0
BRDA:930,120,1,0
BRDA:951,121,0,0
BRDA:951,121,1,0
BRDA:965,122,0,1
BRDA:965,122,1,0
BRF:246
BRH:136
end_of_record
TN:
SF:src\services\student.services.js
FN:12,(anonymous_0)
FN:135,(anonymous_1)
FN:144,(anonymous_2)
FN:314,(anonymous_3)
FN:341,(anonymous_4)
FN:350,(anonymous_5)
FN:413,(anonymous_6)
FN:491,(anonymous_7)
FN:507,(anonymous_8)
FN:559,(anonymous_9)
FN:592,(anonymous_10)
FN:607,(anonymous_11)
FN:618,(anonymous_12)
FN:635,(anonymous_13)
FN:671,(anonymous_14)
FN:680,(anonymous_15)
FNF:16
FNH:15
FNDA:3,(anonymous_0)
FNDA:1,(anonymous_1)
FNDA:3,(anonymous_2)
FNDA:28,(anonymous_3)
FNDA:0,(anonymous_4)
FNDA:2,(anonymous_5)
FNDA:5,(anonymous_6)
FNDA:1,(anonymous_7)
FNDA:2,(anonymous_8)
FNDA:2,(anonymous_9)
FNDA:2,(anonymous_10)
FNDA:2,(anonymous_11)
FNDA:2,(anonymous_12)
FNDA:6,(anonymous_13)
FNDA:1,(anonymous_14)
FNDA:2,(anonymous_15)
DA:1,7
DA:2,7
DA:3,7
DA:4,7
DA:5,7
DA:6,7
DA:7,7
DA:8,7
DA:9,7
DA:12,7
DA:20,3
DA:22,3
DA:23,3
DA:25,3
DA:26,3
DA:27,4
DA:28,4
DA:29,4
DA:39,3
DA:40,1
DA:43,2
DA:44,2
DA:45,1
DA:46,1
DA:47,0
DA:51,2
DA:83,2
DA:84,1
DA:85,1
DA:86,1
DA:87,1
DA:88,1
DA:98,1
DA:99,1
DA:103,2
DA:104,1
DA:107,2
DA:108,1
DA:109,1
DA:110,1
DA:119,1
DA:127,2
DA:128,2
DA:131,2
DA:132,2
DA:133,2
DA:134,1
DA:135,1
DA:136,1
DA:138,1
DA:144,7
DA:145,3
DA:146,3
DA:147,3
DA:148,0
DA:151,3
DA:152,3
DA:153,3
DA:154,3
DA:155,3
DA:156,3
DA:157,0
DA:191,3
DA:193,3
DA:204,3
DA:205,0
DA:208,3
DA:209,3
DA:211,3
DA:212,1
DA:213,1
DA:214,0
DA:217,1
DA:218,0
DA:219,0
DA:221,1
DA:222,1
DA:224,2
DA:225,0
DA:226,0
DA:229,3
DA:230,3
DA:231,2
DA:232,0
DA:234,2
DA:235,2
DA:236,0
DA:239,2
DA:240,2
DA:241,1
DA:245,1
DA:250,1
DA:251,1
DA:252,1
DA:261,1
DA:262,1
DA:266,2
DA:267,2
DA:268,2
DA:269,2
DA:270,2
DA:276,2
DA:277,2
DA:278,1
DA:282,1
DA:284,1
DA:314,28
DA:316,1
DA:318,1
DA:322,1
DA:323,1
DA:324,1
DA:325,1
DA:327,1
DA:328,1
DA:329,1
DA:333,1
DA:334,1
DA:337,2
DA:338,2
DA:339,2
DA:340,0
DA:341,0
DA:342,0
DA:344,2
DA:350,7
DA:351,2
DA:352,2
DA:354,2
DA:355,0
DA:357,2
DA:364,2
DA:368,2
DA:369,1
DA:372,1
DA:409,1
DA:413,7
DA:421,5
DA:423,5
DA:425,5
DA:426,1
DA:429,4
DA:430,4
DA:432,4
DA:433,3
DA:436,2
DA:438,2
DA:439,2
DA:442,2
DA:443,2
DA:446,2
DA:447,2
DA:448,2
DA:449,1
DA:451,1
DA:457,1
DA:458,1
DA:461,1
DA:491,1
DA:498,1
DA:507,7
DA:508,2
DA:509,2
DA:511,2
DA:512,0
DA:515,2
DA:516,2
DA:517,2
DA:518,2
DA:519,1
DA:522,1
DA:523,1
DA:524,1
DA:525,1
DA:529,1
DA:534,1
DA:539,1
DA:543,1
DA:544,1
DA:547,1
DA:549,1
DA:550,1
DA:553,1
DA:554,1
DA:559,7
DA:560,2
DA:561,2
DA:562,2
DA:563,0
DA:566,2
DA:567,2
DA:568,1
DA:571,1
DA:572,1
DA:573,1
DA:574,1
DA:575,0
DA:578,1
DA:580,1
DA:582,1
DA:584,1
DA:586,0
DA:587,0
DA:592,7
DA:593,2
DA:594,2
DA:597,2
DA:598,1
DA:600,1
DA:602,1
DA:607,7
DA:608,2
DA:609,2
DA:610,2
DA:611,2
DA:612,0
DA:615,2
DA:616,2
DA:618,2
DA:620,2
DA:621,1
DA:624,1
DA:626,1
DA:627,1
DA:629,1
DA:630,1
DA:635,7
DA:636,6
DA:637,6
DA:639,6
DA:640,1
DA:642,5
DA:643,5
DA:644,6
DA:645,6
DA:646,6
DA:647,5
DA:648,1
DA:651,4
DA:652,4
DA:653,1
DA:656,3
DA:657,1
DA:660,2
DA:661,2
DA:663,2
DA:664,2
DA:667,4
DA:668,4
DA:669,4
DA:670,1
DA:671,1
DA:672,1
DA:674,3
DA:680,7
DA:681,2
DA:682,2
DA:683,2
DA:684,2
DA:687,2
DA:693,2
DA:694,1
DA:697,1
LF:263
LH:242
BRDA:23,0,0,0
BRDA:23,0,1,3
BRDA:39,1,0,1
BRDA:39,1,1,2
BRDA:44,2,0,1
BRDA:44,2,1,1
BRDA:46,3,0,0
BRDA:46,3,1,1
BRDA:66,4,0,2
BRDA:66,4,1,1
BRDA:83,5,0,1
BRDA:83,5,1,1
BRDA:83,6,0,2
BRDA:83,6,1,1
BRDA:86,7,0,1
BRDA:86,7,1,0
BRDA:98,8,0,1
BRDA:98,8,1,0
BRDA:103,9,0,1
BRDA:103,9,1,1
BRDA:107,10,0,1
BRDA:107,10,1,1
BRDA:131,11,0,2
BRDA:131,11,1,0
BRDA:133,12,0,1
BRDA:133,12,1,1
BRDA:133,13,0,2
BRDA:133,13,1,1
BRDA:147,14,0,0
BRDA:147,14,1,3
BRDA:156,15,0,0
BRDA:156,15,1,3
BRDA:204,16,0,0
BRDA:204,16,1,3
BRDA:211,17,0,1
BRDA:211,17,1,2
BRDA:213,18,0,0
BRDA:213,18,1,1
BRDA:217,19,0,0
BRDA:217,19,1,1
BRDA:217,20,0,1
BRDA:217,20,1,0
BRDA:219,21,0,0
BRDA:219,21,1,0
BRDA:221,22,0,1
BRDA:221,22,1,0
BRDA:224,23,0,0
BRDA:224,23,1,2
BRDA:224,24,0,2
BRDA:224,24,1,0
BRDA:226,25,0,0
BRDA:226,25,1,0
BRDA:230,26,0,2
BRDA:230,26,1,1
BRDA:231,27,0,0
BRDA:231,27,1,2
BRDA:235,28,0,0
BRDA:235,28,1,2
BRDA:235,29,0,2
BRDA:235,29,1,2
BRDA:240,30,0,1
BRDA:240,30,1,1
BRDA:240,31,0,2
BRDA:240,31,1,2
BRDA:261,32,0,1
BRDA:261,32,1,0
BRDA:266,33,0,2
BRDA:266,33,1,0
BRDA:267,34,0,2
BRDA:267,34,1,0
BRDA:268,35,0,2
BRDA:268,35,1,0
BRDA:269,36,0,2
BRDA:269,36,1,0
BRDA:270,37,0,2
BRDA:270,37,1,0
BRDA:271,38,0,2
BRDA:271,38,1,2
BRDA:271,38,2,2
BRDA:271,38,3,2
BRDA:277,39,0,1
BRDA:277,39,1,1
BRDA:282,40,0,1
BRDA:282,40,1,1
BRDA:282,40,2,1
BRDA:282,40,3,1
BRDA:285,41,0,1
BRDA:285,41,1,1
BRDA:286,42,0,1
BRDA:286,42,1,0
BRDA:287,43,0,1
BRDA:287,43,1,1
BRDA:288,44,0,1
BRDA:288,44,1,1
BRDA:289,45,0,1
BRDA:289,45,1,1
BRDA:290,46,0,1
BRDA:290,46,1,1
BRDA:291,47,0,1
BRDA:291,47,1,0
BRDA:292,48,0,1
BRDA:292,48,1,1
BRDA:293,49,0,1
BRDA:293,49,1,1
BRDA:294,50,0,1
BRDA:294,50,1,1
BRDA:295,51,0,1
BRDA:295,51,1,1
BRDA:296,52,0,1
BRDA:296,52,1,1
BRDA:297,53,0,1
BRDA:297,53,1,1
BRDA:298,54,0,1
BRDA:298,54,1,1
BRDA:300,55,0,1
BRDA:300,55,1,1
BRDA:301,56,0,1
BRDA:301,56,1,1
BRDA:303,57,0,1
BRDA:303,57,1,0
BRDA:304,58,0,1
BRDA:304,58,1,0
BRDA:305,59,0,1
BRDA:305,59,1,0
BRDA:306,60,0,1
BRDA:306,60,1,0
BRDA:307,61,0,1
BRDA:307,61,1,1
BRDA:308,62,0,1
BRDA:308,62,1,1
BRDA:309,63,0,1
BRDA:309,63,1,1
BRDA:310,64,0,1
BRDA:310,64,1,1
BRDA:311,65,0,1
BRDA:311,65,1,1
BRDA:312,66,0,1
BRDA:312,66,1,1
BRDA:314,67,0,28
BRDA:314,67,1,15
BRDA:322,68,0,1
BRDA:322,68,1,0
BRDA:324,69,0,1
BRDA:324,69,1,0
BRDA:324,70,0,1
BRDA:324,70,1,0
BRDA:325,71,0,1
BRDA:325,71,1,0
BRDA:325,72,0,1
BRDA:325,72,1,1
BRDA:327,73,0,1
BRDA:327,73,1,0
BRDA:328,74,0,1
BRDA:328,74,1,0
BRDA:337,75,0,2
BRDA:337,75,1,0
BRDA:339,76,0,0
BRDA:339,76,1,2
BRDA:339,77,0,2
BRDA:339,77,1,0
BRDA:354,78,0,0
BRDA:354,78,1,2
BRDA:368,79,0,1
BRDA:368,79,1,1
BRDA:389,80,0,1
BRDA:389,80,1,0
BRDA:415,81,0,0
BRDA:416,82,0,0
BRDA:417,83,0,0
BRDA:425,84,0,1
BRDA:425,84,1,4
BRDA:432,85,0,1
BRDA:432,85,1,3
BRDA:433,86,0,1
BRDA:433,86,1,2
BRDA:438,87,0,2
BRDA:438,87,1,0
BRDA:438,88,0,2
BRDA:438,88,1,2
BRDA:442,89,0,2
BRDA:442,89,1,0
BRDA:446,90,0,2
BRDA:446,90,1,0
BRDA:448,91,0,1
BRDA:448,91,1,1
BRDA:457,92,0,1
BRDA:457,92,1,0
BRDA:493,93,0,1
BRDA:493,93,1,0
BRDA:511,94,0,0
BRDA:511,94,1,2
BRDA:518,95,0,1
BRDA:518,95,1,1
BRDA:522,96,0,1
BRDA:522,96,1,0
BRDA:524,97,0,1
BRDA:524,97,1,0
BRDA:543,98,0,1
BRDA:543,98,1,0
BRDA:562,99,0,0
BRDA:562,99,1,2
BRDA:567,100,0,1
BRDA:567,100,1,1
BRDA:574,101,0,0
BRDA:574,101,1,1
BRDA:597,102,0,1
BRDA:597,102,1,1
BRDA:600,103,0,1
BRDA:600,103,1,0
BRDA:611,104,0,0
BRDA:611,104,1,2
BRDA:615,105,0,2
BRDA:615,105,1,0
BRDA:620,106,0,1
BRDA:620,106,1,1
BRDA:639,107,0,1
BRDA:639,107,1,5
BRDA:647,108,0,1
BRDA:647,108,1,4
BRDA:652,109,0,1
BRDA:652,109,1,3
BRDA:656,110,0,1
BRDA:656,110,1,2
BRDA:667,111,0,4
BRDA:667,111,1,0
BRDA:669,112,0,1
BRDA:669,112,1,3
BRDA:669,113,0,4
BRDA:669,113,1,1
BRDA:683,114,0,2
BRDA:683,114,1,0
BRDA:693,115,0,1
BRDA:693,115,1,1
BRF:233
BRH:171
end_of_record
TN:
SF:src\services\tutor.services.js
FN:13,(anonymous_0)
FN:111,(anonymous_1)
FN:226,(anonymous_2)
FN:230,(anonymous_3)
FN:240,(anonymous_4)
FN:263,(anonymous_5)
FN:273,(anonymous_6)
FN:337,(anonymous_7)
FN:368,(anonymous_8)
FN:415,(anonymous_9)
FN:469,(anonymous_10)
FN:520,(anonymous_11)
FN:541,(anonymous_12)
FN:603,(anonymous_13)
FN:643,(anonymous_14)
FN:675,(anonymous_15)
FNF:16
FNH:12
FNDA:5,(anonymous_0)
FNDA:4,(anonymous_1)
FNDA:0,(anonymous_2)
FNDA:0,(anonymous_3)
FNDA:0,(anonymous_4)
FNDA:0,(anonymous_5)
FNDA:5,(anonymous_6)
FNDA:1,(anonymous_7)
FNDA:4,(anonymous_8)
FNDA:4,(anonymous_9)
FNDA:1,(anonymous_10)
FNDA:1,(anonymous_11)
FNDA:1,(anonymous_12)
FNDA:4,(anonymous_13)
FNDA:1,(anonymous_14)
FNDA:4,(anonymous_15)
DA:2,9
DA:3,9
DA:4,9
DA:5,9
DA:6,9
DA:7,9
DA:8,9
DA:9,9
DA:13,9
DA:18,5
DA:20,5
DA:21,5
DA:22,5
DA:23,5
DA:26,4
DA:27,0
DA:30,4
DA:38,4
DA:40,3
DA:41,3
DA:43,3
DA:45,3
DA:46,3
DA:53,2
DA:69,1
DA:74,1
DA:75,0
DA:76,0
DA:77,0
DA:78,0
DA:79,0
DA:89,0
DA:90,0
DA:94,1
DA:101,1
DA:103,1
DA:105,2
DA:106,2
DA:111,9
DA:112,4
DA:113,4
DA:114,4
DA:115,0
DA:117,4
DA:118,0
DA:120,4
DA:121,4
DA:122,4
DA:123,4
DA:124,4
DA:125,4
DA:126,1
DA:144,3
DA:147,3
DA:157,3
DA:158,0
DA:162,3
DA:163,3
DA:164,3
DA:165,3
DA:166,3
DA:167,3
DA:168,3
DA:169,3
DA:170,3
DA:171,3
DA:172,3
DA:173,3
DA:174,3
DA:177,3
DA:178,2
DA:182,2
DA:186,2
DA:187,2
DA:188,2
DA:189,2
DA:190,2
DA:191,1
DA:196,2
DA:198,1
DA:203,1
DA:204,1
DA:205,1
DA:206,1
DA:207,1
DA:217,1
DA:218,1
DA:223,2
DA:225,0
DA:226,0
DA:227,0
DA:230,0
DA:231,0
DA:232,0
DA:233,0
DA:240,0
DA:241,0
DA:242,0
DA:244,0
DA:252,2
DA:254,2
DA:255,2
DA:258,2
DA:260,2
DA:261,2
DA:262,0
DA:263,0
DA:264,0
DA:267,2
DA:273,9
DA:274,5
DA:275,5
DA:276,5
DA:277,5
DA:278,2
DA:280,3
DA:281,0
DA:285,3
DA:302,2
DA:303,1
DA:306,1
DA:309,1
DA:315,1
DA:322,1
DA:337,1
DA:361,1
DA:363,4
DA:368,9
DA:369,4
DA:370,4
DA:372,4
DA:373,0
DA:376,4
DA:377,4
DA:379,4
DA:381,4
DA:383,0
DA:386,4
DA:387,0
DA:388,0
DA:389,0
DA:393,4
DA:394,0
DA:397,4
DA:405,4
DA:415,9
DA:416,4
DA:417,4
DA:419,4
DA:420,0
DA:423,4
DA:424,4
DA:426,4
DA:427,3
DA:428,1
DA:432,2
DA:438,2
DA:444,2
DA:452,2
DA:455,1
DA:456,1
DA:457,1
DA:460,1
DA:461,1
DA:464,3
DA:465,3
DA:469,9
DA:470,1
DA:471,1
DA:472,1
DA:476,1
DA:477,0
DA:480,1
DA:481,1
DA:485,1
DA:486,0
DA:490,1
DA:501,1
DA:502,1
DA:503,1
DA:511,1
DA:512,1
DA:514,0
DA:515,0
DA:520,9
DA:521,1
DA:522,1
DA:524,1
DA:526,1
DA:537,1
DA:538,0
DA:541,1
DA:544,1
DA:561,1
DA:562,1
DA:564,1
DA:565,1
DA:566,1
DA:569,1
DA:571,1
DA:572,1
DA:579,1
DA:580,1
DA:581,1
DA:582,1
DA:585,1
DA:587,1
DA:598,0
DA:603,9
DA:604,4
DA:605,4
DA:607,4
DA:608,0
DA:611,4
DA:612,4
DA:613,4
DA:614,4
DA:616,4
DA:617,4
DA:619,3
DA:620,3
DA:623,2
DA:624,1
DA:628,1
DA:631,1
DA:633,1
DA:634,1
DA:637,3
DA:638,3
DA:643,9
DA:644,1
DA:645,1
DA:647,1
DA:648,0
DA:651,1
DA:652,1
DA:653,0
DA:656,1
DA:657,1
DA:658,0
DA:661,1
DA:667,1
DA:668,0
DA:671,1
DA:675,9
DA:676,4
DA:677,4
DA:679,4
DA:680,0
DA:683,4
DA:684,4
DA:685,4
DA:686,4
DA:687,0
DA:690,4
DA:691,4
DA:692,1
DA:695,3
DA:696,3
DA:697,1
DA:701,2
DA:702,2
DA:703,1
DA:707,1
DA:710,1
DA:712,1
DA:713,1
DA:716,3
DA:717,3
LF:269
LH:223
BRDA:21,0,0,0
BRDA:21,0,1,5
BRDA:23,1,0,1
BRDA:23,1,1,4
BRDA:26,2,0,0
BRDA:26,2,1,4
BRDA:26,3,0,4
BRDA:26,3,1,4
BRDA:26,3,2,4
BRDA:26,3,3,4
BRDA:26,3,4,4
BRDA:26,3,5,4
BRDA:26,3,6,4
BRDA:26,3,7,4
BRDA:26,3,8,4
BRDA:26,3,9,4
BRDA:26,3,10,4
BRDA:38,4,0,1
BRDA:38,4,1,3
BRDA:74,5,0,0
BRDA:74,5,1,1
BRDA:74,6,0,1
BRDA:74,6,1,0
BRDA:77,7,0,0
BRDA:77,7,1,0
BRDA:89,8,0,0
BRDA:89,8,1,0
BRDA:114,9,0,0
BRDA:114,9,1,4
BRDA:117,10,0,0
BRDA:117,10,1,4
BRDA:125,11,0,1
BRDA:125,11,1,3
BRDA:157,12,0,0
BRDA:157,12,1,3
BRDA:163,13,0,2
BRDA:163,13,1,1
BRDA:164,14,0,2
BRDA:164,14,1,1
BRDA:165,15,0,2
BRDA:165,15,1,1
BRDA:166,16,0,2
BRDA:166,16,1,1
BRDA:167,17,0,2
BRDA:167,17,1,1
BRDA:168,18,0,2
BRDA:168,18,1,1
BRDA:169,19,0,2
BRDA:169,19,1,1
BRDA:170,20,0,2
BRDA:170,20,1,1
BRDA:171,21,0,2
BRDA:171,21,1,1
BRDA:172,22,0,2
BRDA:172,22,1,1
BRDA:173,23,0,2
BRDA:173,23,1,1
BRDA:174,24,0,0
BRDA:174,24,1,3
BRDA:174,25,0,3
BRDA:174,25,1,0
BRDA:177,26,0,2
BRDA:177,26,1,1
BRDA:186,27,0,2
BRDA:186,27,1,0
BRDA:188,28,0,1
BRDA:188,28,1,1
BRDA:188,29,0,2
BRDA:188,29,1,1
BRDA:188,30,0,1
BRDA:188,30,1,0
BRDA:188,31,0,1
BRDA:188,31,1,0
BRDA:189,32,0,1
BRDA:189,32,1,1
BRDA:190,33,0,1
BRDA:190,33,1,1
BRDA:196,34,0,1
BRDA:196,34,1,1
BRDA:205,35,0,1
BRDA:205,35,1,0
BRDA:217,36,0,1
BRDA:217,36,1,0
BRDA:223,37,0,0
BRDA:223,37,1,2
BRDA:231,38,0,0
BRDA:231,38,1,0
BRDA:241,39,0,0
BRDA:241,39,1,0
BRDA:258,40,0,2
BRDA:258,40,1,0
BRDA:261,41,0,0
BRDA:261,41,1,2
BRDA:261,42,0,2
BRDA:261,42,1,0
BRDA:277,43,0,2
BRDA:277,43,1,3
BRDA:280,44,0,0
BRDA:280,44,1,3
BRDA:302,45,0,1
BRDA:302,45,1,1
BRDA:369,46,0,2
BRDA:369,47,0,2
BRDA:369,48,0,4
BRDA:372,49,0,0
BRDA:372,49,1,4
BRDA:376,50,0,4
BRDA:376,50,1,1
BRDA:377,51,0,4
BRDA:377,51,1,1
BRDA:381,52,0,0
BRDA:381,52,1,4
BRDA:381,53,0,4
BRDA:381,53,1,0
BRDA:381,53,2,0
BRDA:386,54,0,0
BRDA:386,54,1,4
BRDA:388,55,0,0
BRDA:388,55,1,0
BRDA:393,56,0,0
BRDA:393,56,1,4
BRDA:419,57,0,0
BRDA:419,57,1,4
BRDA:427,58,0,1
BRDA:427,58,1,2
BRDA:456,59,0,1
BRDA:456,59,1,0
BRDA:476,60,0,0
BRDA:476,60,1,1
BRDA:480,61,0,1
BRDA:480,61,1,0
BRDA:480,62,0,1
BRDA:480,62,1,1
BRDA:485,63,0,0
BRDA:485,63,1,1
BRDA:501,64,0,1
BRDA:501,64,1,0
BRDA:537,65,0,0
BRDA:537,65,1,1
BRDA:566,66,0,1
BRDA:566,66,1,0
BRDA:571,67,0,1
BRDA:571,67,1,0
BRDA:607,68,0,0
BRDA:607,68,1,4
BRDA:614,69,0,0
BRDA:614,69,1,4
BRDA:617,70,0,1
BRDA:617,70,1,3
BRDA:620,71,0,1
BRDA:620,71,1,2
BRDA:623,72,0,1
BRDA:623,72,1,1
BRDA:647,73,0,0
BRDA:647,73,1,1
BRDA:652,74,0,0
BRDA:652,74,1,1
BRDA:657,75,0,0
BRDA:657,75,1,1
BRDA:667,76,0,0
BRDA:667,76,1,1
BRDA:679,77,0,0
BRDA:679,77,1,4
BRDA:686,78,0,0
BRDA:686,78,1,4
BRDA:691,79,0,1
BRDA:691,79,1,3
BRDA:696,80,0,1
BRDA:696,80,1,2
BRDA:702,81,0,1
BRDA:702,81,1,1
BRF:171
BRH:119
end_of_record
TN:
SF:src\services\user.services.js
FN:12,(anonymous_0)
FN:77,(anonymous_1)
FN:113,(anonymous_2)
FN:181,(anonymous_3)
FN:215,(anonymous_4)
FN:241,(anonymous_5)
FN:288,(anonymous_6)
FN:303,(anonymous_7)
FN:324,(anonymous_8)
FN:343,(anonymous_9)
FNF:10
FNH:8
FNDA:4,(anonymous_0)
FNDA:3,(anonymous_1)
FNDA:6,(anonymous_2)
FNDA:2,(anonymous_3)
FNDA:2,(anonymous_4)
FNDA:0,(anonymous_5)
FNDA:0,(anonymous_6)
FNDA:3,(anonymous_7)
FNDA:2,(anonymous_8)
FNDA:6,(anonymous_9)
DA:2,5
DA:3,5
DA:4,5
DA:5,5
DA:6,5
DA:7,5
DA:8,5
DA:9,5
DA:12,5
DA:14,4
DA:15,4
DA:16,1
DA:19,3
DA:22,3
DA:29,3
DA:30,3
DA:33,3
DA:34,1
DA:42,1
DA:43,1
DA:44,2
DA:45,1
DA:53,1
DA:54,1
DA:58,3
DA:59,2
DA:66,3
DA:73,3
DA:77,5
DA:78,3
DA:79,3
DA:81,3
DA:82,3
DA:83,1
DA:87,2
DA:88,2
DA:89,1
DA:93,1
DA:99,1
DA:101,1
DA:113,5
DA:114,6
DA:115,6
DA:116,1
DA:120,5
DA:126,5
DA:127,1
DA:131,4
DA:132,4
DA:133,1
DA:137,3
DA:138,3
DA:139,3
DA:140,3
DA:141,1
DA:144,3
DA:145,3
DA:147,3
DA:149,2
DA:150,1
DA:154,1
DA:155,1
DA:161,2
DA:167,3
DA:181,5
DA:183,2
DA:184,2
DA:185,1
DA:189,1
DA:190,1
DA:193,1
DA:198,1
DA:201,1
DA:211,1
DA:215,5
DA:216,2
DA:219,2
DA:225,2
DA:226,1
DA:230,1
DA:231,1
DA:237,1
DA:241,5
DA:242,0
DA:244,0
DA:282,0
DA:288,0
DA:298,0
DA:303,5
DA:305,3
DA:306,3
DA:307,1
DA:311,2
DA:312,2
DA:313,1
DA:317,1
DA:318,1
DA:320,1
DA:324,5
DA:326,2
DA:327,2
DA:328,1
DA:332,1
DA:337,1
DA:339,1
DA:343,5
DA:344,6
DA:345,1
DA:348,5
DA:349,5
DA:350,5
DA:351,5
DA:352,1
DA:356,4
DA:357,2
DA:358,1
DA:359,1
DA:361,1
DA:362,1
DA:363,1
DA:364,1
DA:375,1
DA:383,1
DA:385,1
DA:386,1
DA:387,1
DA:389,1
DA:395,1
DA:401,1
DA:409,1
DA:415,4
DA:421,4
DA:423,3
DA:424,3
DA:427,2
DA:428,2
LF:136
LH:131
BRDA:15,0,0,1
BRDA:15,0,1,3
BRDA:26,1,0,3
BRDA:26,1,1,0
BRDA:33,2,0,1
BRDA:33,2,1,2
BRDA:36,3,0,1
BRDA:36,3,1,0
BRDA:44,4,0,1
BRDA:44,4,1,1
BRDA:47,5,0,1
BRDA:47,5,1,0
BRDA:58,6,0,2
BRDA:58,6,1,1
BRDA:82,7,0,1
BRDA:82,7,1,2
BRDA:88,8,0,1
BRDA:88,8,1,1
BRDA:115,9,0,1
BRDA:115,9,1,5
BRDA:126,10,0,1
BRDA:126,10,1,4
BRDA:132,11,0,1
BRDA:132,11,1,3
BRDA:138,12,0,3
BRDA:138,12,1,0
BRDA:139,13,0,1
BRDA:139,13,1,2
BRDA:140,14,0,1
BRDA:140,14,1,2
BRDA:140,15,0,3
BRDA:140,15,1,1
BRDA:144,16,0,3
BRDA:144,16,1,0
BRDA:147,17,0,2
BRDA:147,17,1,1
BRDA:149,18,0,1
BRDA:149,18,1,1
BRDA:154,19,0,1
BRDA:154,19,1,0
BRDA:163,20,0,1
BRDA:163,20,1,1
BRDA:184,21,0,1
BRDA:184,21,1,1
BRDA:225,22,0,1
BRDA:225,22,1,1
BRDA:290,23,0,0
BRDA:290,23,1,0
BRDA:291,24,0,0
BRDA:291,24,1,0
BRDA:306,25,0,1
BRDA:306,25,1,2
BRDA:312,26,0,1
BRDA:312,26,1,1
BRDA:327,27,0,1
BRDA:327,27,1,1
BRDA:344,28,0,1
BRDA:344,28,1,5
BRDA:351,29,0,1
BRDA:351,29,1,4
BRDA:356,30,0,2
BRDA:356,30,1,2
BRDA:356,31,0,4
BRDA:356,31,1,2
BRDA:357,32,0,1
BRDA:357,32,1,1
BRDA:359,33,0,1
BRDA:359,33,1,0
BRDA:361,34,0,1
BRDA:361,34,1,0
BRDA:363,35,0,1
BRDA:363,35,1,0
BRDA:385,36,0,1
BRDA:385,36,1,0
BRDA:387,37,0,1
BRDA:387,37,1,0
BRF:76
BRH:61
end_of_record
TN:
SF:src\utils\AppError.js
FN:3,(anonymous_0)
FNF:1
FNH:1
FNDA:132,(anonymous_0)
DA:4,132
DA:5,132
DA:6,132
DA:7,132
DA:11,20
LF:5
LH:5
BRDA:6,0,0,106
BRDA:6,0,1,26
BRF:2
BRH:2
end_of_record
TN:
SF:src\utils\catchAsync.js
FN:1,(anonymous_0)
FN:2,(anonymous_1)
FNF:2
FNH:2
FNDA:230,(anonymous_0)
FNDA:17,(anonymous_1)
DA:1,10
DA:2,230
DA:3,17
LF:3
LH:3
BRF:0
BRH:0
end_of_record
TN:
SF:src\utils\db.js
FN:28,(anonymous_0)
FN:42,(anonymous_1)
FNF:2
FNH:2
FNDA:80,(anonymous_0)
FNDA:2,(anonymous_1)
DA:1,10
DA:2,10
DA:3,10
DA:18,10
DA:19,10
DA:20,10
DA:21,10
DA:22,10
DA:23,10
DA:24,10
DA:25,10
DA:26,10
DA:28,10
DA:29,80
DA:30,20
DA:32,60
DA:33,54
DA:34,6
DA:35,6
DA:37,0
DA:42,10
DA:43,2
DA:45,2
DA:46,0
DA:49,2
DA:50,0
DA:51,0
DA:52,0
DA:54,2
DA:55,2
DA:59,10
LF:31
LH:26
BRDA:10,0,0,10
BRDA:10,0,1,2
BRDA:11,1,0,0
BRDA:11,1,1,10
BRDA:29,2,0,20
BRDA:29,2,1,60
BRDA:29,3,0,80
BRDA:29,3,1,70
BRDA:32,4,0,54
BRDA:32,4,1,6
BRDA:32,5,0,60
BRDA:32,5,1,60
BRDA:34,6,0,6
BRDA:34,6,1,0
BRDA:45,7,0,0
BRDA:45,7,1,2
BRDA:45,8,0,2
BRDA:45,8,1,2
BRDA:45,8,2,2
BRF:19
BRH:16
end_of_record
TN:
SF:src\utils\genratetoken.js
FN:4,(anonymous_0)
FNF:1
FNH:1
FNDA:1,(anonymous_0)
DA:1,5
DA:4,5
DA:5,1
DA:6,1
DA:7,1
DA:9,0
DA:13,5
LF:7
LH:6
BRF:0
BRH:0
end_of_record
TN:
SF:src\utils\mailer.js
FNF:0
FNH:0
DA:1,10
DA:3,10
DA:14,10
LF:3
LH:3
BRF:0
BRH:0
end_of_record
TN:
SF:src\utils\notification.js
FN:4,(anonymous_0)
FN:9,(anonymous_1)
FNF:2
FNH:2
FNDA:2,(anonymous_0)
FNDA:2,(anonymous_1)
DA:1,11
DA:2,11
DA:4,11
DA:5,2
DA:6,2
DA:9,11
DA:10,2
DA:11,2
DA:19,1
DA:23,11
LF:10
LH:10
BRDA:6,0,0,1
BRDA:6,0,1,1
BRDA:9,1,0,2
BRF:3
BRH:3
end_of_record
TN:
SF:src\utils\randompassword.js
FN:3,(anonymous_0)
FNF:1
FNH:0
FNDA:0,(anonymous_0)
DA:1,8
DA:3,8
DA:4,0
DA:13,0
DA:16,8
LF:5
LH:3
BRF:0
BRH:0
end_of_record
TN:
SF:src\utils\razerpaysetup.js
FNF:0
FNH:0
DA:1,5
DA:3,5
DA:8,5
LF:3
LH:3
BRF:0
BRH:0
end_of_record
TN:
SF:src\validations\slot.validations.js
FN:31,(anonymous_0)
FN:74,(anonymous_1)
FNF:2
FNH:0
FNDA:0,(anonymous_0)
FNDA:0,(anonymous_1)
DA:1,6
DA:3,6
DA:31,0
DA:40,6
DA:74,0
DA:82,6
LF:6
LH:4
BRDA:31,0,0,0
BRDA:31,0,1,0
BRDA:74,1,0,0
BRDA:74,1,1,0
BRF:4
BRH:0
end_of_record
TN:
SF:src\validations\students.validations.js
FN:39,(anonymous_0)
FN:45,(anonymous_1)
FNF:2
FNH:1
FNDA:1,(anonymous_0)
FNDA:0,(anonymous_1)
DA:1,6
DA:4,6
DA:40,1
DA:41,1
DA:42,1
DA:43,0
DA:45,1
DA:46,1
DA:49,0
DA:69,6
DA:102,6
LF:11
LH:9
BRDA:40,0,0,0
BRDA:40,0,1,1
BRDA:40,1,0,1
BRDA:40,1,1,1
BRDA:42,2,0,0
BRDA:42,2,1,1
BRDA:42,3,0,1
BRDA:42,3,1,1
BRDA:45,4,0,1
BRDA:45,4,1,0
BRDA:45,5,0,1
BRDA:45,5,1,0
BRDA:45,6,0,0
BRDA:45,6,1,0
BRF:14
BRH:8
end_of_record
TN:
SF:src\validations\tutor.validations.js
FNF:0
FNH:0
DA:1,5
DA:3,5
LF:2
LH:2
BRF:0
BRH:0
end_of_record
TN:
SF:src\validations\users.validation.js
FNF:0
FNH:0
DA:1,5
DA:2,5
DA:4,5
DA:16,5
LF:4
LH:4
BRF:0
BRH:0
end_of_record
